2024-11-10 17:36:54 {
    "request": ""
}
2024-11-10 17:36:58 {
    "request": ""
}
2024-11-10 17:37:11 {
    "request": ""
}
2024-11-10 17:38:28 {
    "request": ""
}
2024-11-10 17:38:53 {
    "request": ""
}
2024-11-10 17:38:55 {
    "request": ""
}
2024-11-10 17:38:56 {
    "request": ""
}
2024-11-10 17:40:31 {
    "request": ""
}
2024-11-10 17:40:51 {
    "request": "{\"action\":6,\"ts\":1731260450324,\"uid\":\"1234567899\",\"currency\":\"RS\",\"gType\":22,\"mType\":22001}"
}
2024-11-10 17:41:01 {
    "request": "{\"action\":9,\"ts\":1731260460332,\"transferId\":5625830,\"uid\":\"1234567899\",\"currency\":\"RS\",\"amount\":5,\"gameRoundSeqNo\":\"7345661\",\"gType\":22,\"mType\":22001}"
}
2024-11-10 17:41:05 {
    "request": "{\"action\":9,\"ts\":1731260464594,\"transferId\":5625831,\"uid\":\"1234567899\",\"currency\":\"RS\",\"amount\":5,\"gameRoundSeqNo\":\"7345661\",\"gType\":22,\"mType\":22001}"
}
2024-11-10 17:41:17 {
    "request": "{\"action\":9,\"ts\":1731260476953,\"transferId\":5625833,\"uid\":\"1234567899\",\"currency\":\"RS\",\"amount\":5,\"gameRoundSeqNo\":\"7345662\",\"gType\":22,\"mType\":22001}"
}
2024-11-10 17:41:17 {
    "request": "{\"action\":9,\"ts\":1731260476953,\"transferId\":5625832,\"uid\":\"1234567899\",\"currency\":\"RS\",\"amount\":5,\"gameRoundSeqNo\":\"7345662\",\"gType\":22,\"mType\":22001}"
}
2024-11-10 17:41:20 {
    "request": "{\"action\":9,\"ts\":1731260479471,\"transferId\":5625834,\"uid\":\"1234567899\",\"currency\":\"RS\",\"amount\":5,\"gameRoundSeqNo\":\"7345662\",\"gType\":22,\"mType\":22001}"
}
2024-11-10 17:41:20 {
    "request": "{\"action\":9,\"ts\":1731260480067,\"transferId\":5625835,\"uid\":\"1234567899\",\"currency\":\"RS\",\"amount\":5,\"gameRoundSeqNo\":\"7345662\",\"gType\":22,\"mType\":22001}"
}
2024-11-10 17:41:53 {
    "request": "{\"action\":9,\"ts\":1731260511745,\"transferId\":5625838,\"uid\":\"1234567899\",\"currency\":\"RS\",\"amount\":5,\"gameRoundSeqNo\":\"7345663\",\"gType\":22,\"mType\":22001}"
}
2024-11-10 17:41:54 {
    "request": "{\"action\":9,\"ts\":1731260511746,\"transferId\":5625839,\"uid\":\"1234567899\",\"currency\":\"RS\",\"amount\":5,\"gameRoundSeqNo\":\"7345663\",\"gType\":22,\"mType\":22001}"
}
2024-11-10 17:42:03 {
    "request": "{\"action\":6,\"ts\":1731260522176,\"uid\":\"1234567899\",\"currency\":\"RS\",\"gType\":22,\"mType\":22001}"
}
2024-11-10 17:42:05 {
    "request": "{\"action\":9,\"ts\":1731260524943,\"transferId\":5625842,\"uid\":\"1234567899\",\"currency\":\"RS\",\"amount\":5,\"gameRoundSeqNo\":\"7345664\",\"gType\":22,\"mType\":22001}"
}
2024-11-10 17:42:09 {
    "request": "{\"action\":6,\"ts\":1731260526597,\"uid\":\"1234567899\",\"currency\":\"RS\",\"gType\":22,\"mType\":22001}"
}
2024-11-10 17:42:23 {
    "request": "{\"action\":6,\"ts\":1731260542595,\"uid\":\"1234567899\",\"currency\":\"RS\",\"gType\":22,\"mType\":22001}"
}
2024-11-10 17:42:24 {
    "request": "{\"action\":6,\"ts\":1731260544128,\"uid\":\"9876543210\",\"currency\":\"RS\",\"gType\":22,\"mType\":22001}"
}
2024-11-10 17:42:26 {
    "request": "{\"action\":6,\"ts\":1731260544988,\"uid\":\"1234567899\",\"currency\":\"RS\",\"gType\":22,\"mType\":22001}"
}
2024-11-10 17:42:27 {
    "request": "{\"action\":6,\"ts\":1731260547004,\"uid\":\"1234567899\",\"currency\":\"RS\",\"gType\":22,\"mType\":22001}"
}
2024-11-10 17:42:50 {
    "request": "{\"action\":9,\"ts\":1731260569221,\"transferId\":5625845,\"uid\":\"1234567899\",\"currency\":\"RS\",\"amount\":5,\"gameRoundSeqNo\":\"7345665\",\"gType\":22,\"mType\":22001}"
}
2024-11-10 17:42:50 {
    "request": "{\"action\":9,\"ts\":1731260569227,\"transferId\":5625846,\"uid\":\"1234567899\",\"currency\":\"RS\",\"amount\":5,\"gameRoundSeqNo\":\"7345665\",\"gType\":22,\"mType\":22001}"
}
2024-11-10 17:42:54 {
    "request": "{\"action\":6,\"ts\":1731260574190,\"uid\":\"1234567899\",\"currency\":\"RS\",\"gType\":22,\"mType\":22001}"
}
2024-11-10 17:42:56 {
    "request": "{\"action\":6,\"ts\":1731260575448,\"uid\":\"1234567899\",\"currency\":\"RS\",\"gType\":22,\"mType\":22001}"
}
2024-11-10 17:43:10 {
    "request": "{\"action\":6,\"ts\":1731260587561,\"uid\":\"1234567899\",\"currency\":\"RS\",\"gType\":22,\"mType\":22001}"
}
2024-11-10 17:43:16 {
    "request": "{\"action\":9,\"ts\":1731260596037,\"transferId\":5625853,\"uid\":\"1234567899\",\"currency\":\"RS\",\"amount\":5,\"gameRoundSeqNo\":\"7345666\",\"gType\":22,\"mType\":22001}"
}
2024-11-10 17:43:20 {
    "request": "{\"action\":6,\"ts\":1731260599801,\"uid\":\"1234567899\",\"currency\":\"RS\",\"gType\":22,\"mType\":22001}"
}
2024-11-10 17:43:31 {
    "request": ""
}
2024-11-10 17:43:50 {
    "request": "{\"action\":6,\"ts\":1731260630298,\"uid\":\"1234567899\",\"currency\":\"RS\",\"gType\":22,\"mType\":22001}"
}
2024-11-10 17:43:51 {
    "request": "{\"action\":6,\"ts\":1731260631372,\"uid\":\"1234567899\",\"currency\":\"RS\",\"gType\":22,\"mType\":22001}"
}
2024-11-10 17:44:18 {
    "request": "{\"action\":6,\"ts\":1731260657471,\"uid\":\"1234567899\",\"currency\":\"RS\",\"gType\":22,\"mType\":22001}"
}
2024-11-10 17:49:45 {
    "request": "{\"action\":6,\"ts\":1731260984484,\"uid\":\"1234567899\",\"currency\":\"RS\",\"gType\":22,\"mType\":22001}"
}
2024-11-10 17:50:50 {
    "request": "{\"action\":9,\"ts\":1731261049629,\"transferId\":5626015,\"uid\":\"1234567899\",\"currency\":\"RS\",\"amount\":5,\"gameRoundSeqNo\":\"7345683\",\"gType\":22,\"mType\":22001}"
}
2024-11-10 17:50:51 {
    "request": "{\"action\":9,\"ts\":1731261050792,\"transferId\":5626016,\"uid\":\"1234567899\",\"currency\":\"RS\",\"amount\":5,\"gameRoundSeqNo\":\"7345683\",\"gType\":22,\"mType\":22001}"
}
2024-11-10 17:51:51 {
    "request": "{\"action\":6,\"ts\":1731261110752,\"uid\":\"1234567899\",\"currency\":\"RS\",\"gType\":22,\"mType\":22001}"
}
2024-11-10 17:51:54 {
    "request": "{\"action\":6,\"ts\":1731261112856,\"uid\":\"1234567899\",\"currency\":\"RS\",\"gType\":22,\"mType\":22001}"
}
2024-11-10 17:54:58 {
    "request": "{\"action\":6,\"ts\":1731261297601,\"uid\":\"9876543210\",\"currency\":\"RS\",\"gType\":22,\"mType\":22001}"
}
2024-11-10 17:55:17 {
    "request": "{\"action\":9,\"ts\":1731261316927,\"transferId\":5626044,\"uid\":\"9876543210\",\"currency\":\"RS\",\"amount\":1000,\"gameRoundSeqNo\":\"7345692\",\"gType\":22,\"mType\":22001}"
}
2024-11-10 17:55:19 {
    "request": "{\"action\":9,\"ts\":1731261319352,\"transferId\":5626047,\"uid\":\"9876543210\",\"currency\":\"RS\",\"amount\":5,\"gameRoundSeqNo\":\"7345692\",\"gType\":22,\"mType\":22001}"
}
2024-11-10 17:55:20 {
    "request": "{\"action\":9,\"ts\":1731261319863,\"transferId\":5626050,\"uid\":\"9876543210\",\"currency\":\"RS\",\"amount\":1000,\"gameRoundSeqNo\":\"7345692\",\"gType\":22,\"mType\":22001}"
}
2024-11-10 17:56:19 {
    "request": "{\"action\":6,\"ts\":1731261378289,\"uid\":\"9876543210\",\"currency\":\"RS\",\"gType\":22,\"mType\":22001}"
}
2024-11-10 17:56:21 {
    "request": "{\"action\":6,\"ts\":1731261380645,\"uid\":\"9876543210\",\"currency\":\"RS\",\"gType\":22,\"mType\":22001}"
}
2024-11-10 17:56:23 {
    "request": "{\"action\":6,\"ts\":1731261382980,\"uid\":\"9876543210\",\"currency\":\"RS\",\"gType\":22,\"mType\":22001}"
}
2024-11-10 18:00:46 {
    "request": "{\"action\":6,\"ts\":1731261645379,\"uid\":\"9876543210\",\"currency\":\"RS\",\"gType\":22,\"mType\":22001}"
}
2024-11-10 18:01:20 {
    "request": "{\"action\":6,\"ts\":1731261679492,\"uid\":\"9876543210\",\"currency\":\"RS\",\"gType\":22,\"mType\":22001}"
}
2024-11-10 18:07:13 {
    "request": "{\"action\":6,\"ts\":1731262032634,\"uid\":\"1234567899\",\"currency\":\"RS\",\"gType\":22,\"mType\":22001}"
}
2024-11-10 18:07:39 {
    "request": "{\"action\":9,\"ts\":1731262057834,\"transferId\":5626233,\"uid\":\"1234567899\",\"currency\":\"RS\",\"amount\":5,\"gameRoundSeqNo\":\"7345725\",\"gType\":22,\"mType\":22001}"
}
2024-11-10 18:08:41 {
    "request": "{\"action\":6,\"ts\":1731262120263,\"uid\":\"1234567899\",\"currency\":\"RS\",\"gType\":22,\"mType\":22001}"
}
2024-11-10 18:09:18 {
    "request": "{\"action\":6,\"ts\":1731262158154,\"uid\":\"1234567899\",\"currency\":\"RS\",\"gType\":22,\"mType\":22001}"
}
2024-11-10 18:09:28 {
    "request": "{\"action\":6,\"ts\":1731262168155,\"uid\":\"1234567899\",\"currency\":\"RS\",\"gType\":22,\"mType\":22001}"
}
2024-11-10 18:11:23 {
    "request": "{\"action\":6,\"ts\":1731262282419,\"uid\":\"9876543210\",\"currency\":\"RS\",\"gType\":22,\"mType\":22001}"
}
2024-11-10 18:11:36 {
    "request": "{\"action\":9,\"ts\":1731262295478,\"transferId\":5626252,\"uid\":\"9876543210\",\"currency\":\"RS\",\"amount\":1000,\"gameRoundSeqNo\":\"7345736\",\"gType\":22,\"mType\":22001}"
}
2024-11-10 18:12:37 {
    "request": "{\"action\":6,\"ts\":1731262356521,\"uid\":\"9876543210\",\"currency\":\"RS\",\"gType\":22,\"mType\":22001}"
}
2024-11-10 18:13:30 {
    "request": "{\"action\":6,\"ts\":1731262409336,\"uid\":\"9876543210\",\"currency\":\"RS\",\"gType\":22,\"mType\":22001}"
}
2024-11-10 18:13:53 {
    "request": "{\"action\":9,\"ts\":1731262431946,\"transferId\":5626267,\"uid\":\"9876543210\",\"currency\":\"RS\",\"amount\":1000,\"gameRoundSeqNo\":\"7345741\",\"gType\":22,\"mType\":22001}"
}
2024-11-10 18:14:55 {
    "request": "{\"action\":6,\"ts\":1731262494632,\"uid\":\"9876543210\",\"currency\":\"RS\",\"gType\":22,\"mType\":22001}"
}
2024-11-10 18:15:25 {
    "request": "{\"action\":6,\"ts\":1731262524469,\"uid\":\"9876543210\",\"currency\":\"RS\",\"gType\":22,\"mType\":22001}"
}
2024-11-10 18:15:33 {
    "request": "{\"action\":6,\"ts\":1731262532491,\"uid\":\"9876543210\",\"currency\":\"RS\",\"gType\":22,\"mType\":22001}"
}
2024-11-10 18:15:55 {
    "request": "{\"action\":9,\"ts\":1731262555233,\"transferId\":5626276,\"uid\":\"9876543210\",\"currency\":\"RS\",\"amount\":1000,\"gameRoundSeqNo\":\"7345748\",\"gType\":22,\"mType\":22001}"
}
2024-11-10 18:16:57 {
    "request": "{\"action\":6,\"ts\":1731262616627,\"uid\":\"9876543210\",\"currency\":\"RS\",\"gType\":22,\"mType\":22001}"
}
2024-11-10 18:19:12 {
    "request": "{\"action\":6,\"ts\":1731262751450,\"uid\":\"9876543210\",\"currency\":\"RS\",\"gType\":22,\"mType\":22001}"
}
2024-11-10 18:19:20 {
    "request": "{\"action\":6,\"ts\":1731262759592,\"uid\":\"9876543210\",\"currency\":\"RS\",\"gType\":22,\"mType\":22001}"
}
2024-11-10 18:20:25 {
    "request": "{\"action\":6,\"ts\":1731262824549,\"uid\":\"9876543210\",\"currency\":\"RS\",\"gType\":22,\"mType\":22001}"
}
2024-11-10 18:21:56 {
    "request": "{\"action\":6,\"ts\":1731262915785,\"uid\":\"9876543210\",\"currency\":\"RS\",\"gType\":22,\"mType\":22001}"
}
2024-11-10 18:22:27 {
    "request": "{\"action\":6,\"ts\":1731262946534,\"uid\":\"9876543210\",\"currency\":\"RS\",\"gType\":22,\"mType\":22001}"
}
2024-11-10 18:28:35 {
    "request": "{\"action\":6,\"ts\":1731263313786,\"uid\":\"1234567890\",\"currency\":\"RS\",\"gType\":999,\"mType\":999}"
}
2024-11-10 18:28:59 {
    "request": "{\"action\":6,\"ts\":1731263338604,\"uid\":\"1234567890\",\"currency\":\"RS\",\"gType\":22,\"mType\":22001}"
}
2024-11-10 18:29:12 {
    "request": "{\"action\":6,\"ts\":1731263351992,\"uid\":\"9876543210\",\"currency\":\"RS\",\"gType\":22,\"mType\":22001}"
}
2024-11-10 18:29:52 {
    "request": "{\"action\":6,\"ts\":1731263390840,\"uid\":\"1000000000\",\"currency\":\"RS\",\"gType\":22,\"mType\":22006}"
}
2024-11-10 18:29:55 {
    "request": "{\"action\":9,\"ts\":1731263394924,\"transferId\":5626379,\"uid\":\"9876543210\",\"currency\":\"RS\",\"amount\":1000,\"gameRoundSeqNo\":\"7345784\",\"gType\":22,\"mType\":22001}"
}
2024-11-10 18:30:04 {
    "request": "{\"action\":9,\"ts\":1731263402627,\"transferId\":5626381,\"uid\":\"1000000000\",\"currency\":\"RS\",\"amount\":5,\"gameRoundSeqNo\":\"150082\",\"gType\":22,\"mType\":22006}"
}
2024-11-10 18:30:10 {
    "request": "{\"action\":9,\"ts\":1731263407012,\"transferId\":5626383,\"uid\":\"9876543210\",\"currency\":\"RS\",\"amount\":1000,\"gameRoundSeqNo\":\"7345785\",\"gType\":22,\"mType\":22001}"
}
2024-11-10 18:30:11 {
    "request": "{\"action\":9,\"ts\":1731263407690,\"transferId\":5626384,\"uid\":\"1000000000\",\"currency\":\"RS\",\"amount\":5,\"gameRoundSeqNo\":\"150083\",\"gType\":22,\"mType\":22006}"
}
2024-11-10 18:30:36 {
    "request": "{\"action\":9,\"ts\":1731263434760,\"transferId\":5626388,\"uid\":\"1000000000\",\"currency\":\"RS\",\"amount\":5,\"gameRoundSeqNo\":\"150084\",\"gType\":22,\"mType\":22006}"
}
2024-11-10 18:30:57 {
    "request": "{\"action\":6,\"ts\":1731263456954,\"uid\":\"9876543210\",\"currency\":\"RS\",\"gType\":22,\"mType\":22001}"
}
2024-11-10 18:31:04 {
    "request": "{\"action\":6,\"ts\":1731263463930,\"uid\":\"1000000000\",\"currency\":\"RS\",\"gType\":22,\"mType\":22006}"
}
2024-11-10 18:31:11 {
    "request": "{\"action\":6,\"ts\":1731263470449,\"uid\":\"9876543210\",\"currency\":\"RS\",\"gType\":22,\"mType\":22001}"
}
2024-11-10 18:31:13 {
    "request": "{\"action\":6,\"ts\":1731263472555,\"uid\":\"1000000000\",\"currency\":\"RS\",\"gType\":22,\"mType\":22006}"
}
2024-11-10 18:31:37 {
    "request": "{\"action\":6,\"ts\":1731263496615,\"uid\":\"1000000000\",\"currency\":\"RS\",\"gType\":22,\"mType\":22006}"
}
2024-11-10 18:33:25 {
    "request": ""
}
2024-11-10 18:33:26 {
    "request": ""
}
2024-11-10 18:33:30 {
    "request": ""
}
2024-11-10 18:33:31 {
    "request": ""
}
2024-11-10 18:59:09 {
    "request": "{\"action\":6,\"ts\":1731265149279,\"uid\":\"0000000000\",\"currency\":\"RS\",\"gType\":22,\"mType\":22001}"
}
2024-11-10 18:59:37 {
    "request": "{\"action\":9,\"ts\":1731265176716,\"transferId\":5626752,\"uid\":\"0000000000\",\"currency\":\"RS\",\"amount\":5,\"gameRoundSeqNo\":\"7345866\",\"gType\":22,\"mType\":22001}"
}
2024-11-10 18:59:51 {
    "request": "{\"action\":9,\"ts\":1731265191120,\"transferId\":5626759,\"uid\":\"0000000000\",\"currency\":\"RS\",\"amount\":5,\"gameRoundSeqNo\":\"7345867\",\"gType\":22,\"mType\":22001}"
}
2024-11-10 18:59:51 {
    "request": "{\"action\":9,\"ts\":1731265191120,\"transferId\":5626758,\"uid\":\"0000000000\",\"currency\":\"RS\",\"amount\":5,\"gameRoundSeqNo\":\"7345867\",\"gType\":22,\"mType\":22001}"
}
2024-11-10 19:00:38 {
    "request": "{\"action\":6,\"ts\":1731265237814,\"uid\":\"0000000000\",\"currency\":\"RS\",\"gType\":22,\"mType\":22001}"
}
2024-11-10 19:00:54 {
    "request": "{\"action\":6,\"ts\":1731265254047,\"uid\":\"0000000000\",\"currency\":\"RS\",\"gType\":22,\"mType\":22001}"
}
2024-11-10 19:00:56 {
    "request": "{\"action\":6,\"ts\":1731265255188,\"uid\":\"0000000000\",\"currency\":\"RS\",\"gType\":22,\"mType\":22001}"
}
2024-11-10 19:35:42 {
    "request": ""
}
2024-11-10 19:35:42 {
    "request": ""
}
2024-11-10 20:15:06 {
    "request": ""
}
2024-11-10 20:39:55 {
    "request": ""
}
2024-11-10 21:40:52 {
    "request": ""
}
2024-11-10 22:25:20 {
    "request": "{\"action\":6,\"ts\":1731277519482,\"uid\":\"9876543210\",\"currency\":\"RS\",\"gType\":22,\"mType\":22001}"
}
2024-11-10 22:29:23 {
    "request": "{\"action\":6,\"ts\":1731277762466,\"uid\":\"9876543210\",\"currency\":\"RS\",\"gType\":22,\"mType\":22001}"
}
2024-11-10 22:29:55 {
    "request": "{\"action\":9,\"ts\":1731277794215,\"transferId\":5628382,\"uid\":\"9876543210\",\"currency\":\"RS\",\"amount\":5,\"gameRoundSeqNo\":\"7346428\",\"gType\":22,\"mType\":22001}"
}
2024-11-10 22:29:55 {
    "request": "{\"action\":9,\"ts\":1731277794215,\"transferId\":5628383,\"uid\":\"9876543210\",\"currency\":\"RS\",\"amount\":5,\"gameRoundSeqNo\":\"7346428\",\"gType\":22,\"mType\":22001}"
}
2024-11-10 22:29:58 {
    "request": "{\"action\":9,\"ts\":1731277797779,\"transferId\":5628384,\"uid\":\"9876543210\",\"currency\":\"RS\",\"amount\":5,\"gameRoundSeqNo\":\"7346428\",\"gType\":22,\"mType\":22001}"
}
2024-11-10 22:30:56 {
    "request": "{\"action\":6,\"ts\":1731277855571,\"uid\":\"9876543210\",\"currency\":\"RS\",\"gType\":22,\"mType\":22001}"
}
2024-11-10 22:30:57 {
    "request": "{\"action\":6,\"ts\":1731277857225,\"uid\":\"9876543210\",\"currency\":\"RS\",\"gType\":22,\"mType\":22001}"
}
2024-11-10 22:30:59 {
    "request": "{\"action\":6,\"ts\":1731277859373,\"uid\":\"9876543210\",\"currency\":\"RS\",\"gType\":22,\"mType\":22001}"
}
2024-11-10 23:14:26 {
    "request": "{\"action\":6,\"ts\":1731280465145,\"uid\":\"9383993939\",\"currency\":\"RS\",\"gType\":22,\"mType\":22001}"
}
2024-11-11 00:18:26 {
    "request": ""
}
2024-11-11 00:18:30 {
    "request": ""
}
2024-11-11 02:56:56 {
    "request": "{\"action\":6,\"ts\":1731293815081,\"uid\":\"9876543210\",\"currency\":\"RS\",\"gType\":22,\"mType\":22001}"
}
2024-11-11 02:57:15 {
    "request": "{\"action\":9,\"ts\":1731293834680,\"transferId\":5630097,\"uid\":\"9876543210\",\"currency\":\"RS\",\"amount\":5,\"gameRoundSeqNo\":\"7347132\",\"gType\":22,\"mType\":22001}"
}
2024-11-11 02:58:16 {
    "request": "{\"action\":6,\"ts\":1731293896149,\"uid\":\"9876543210\",\"currency\":\"RS\",\"gType\":22,\"mType\":22001}"
}
2024-11-11 04:14:45 {
    "request": ""
}
2024-11-11 04:36:24 {
    "request": "{\"action\":6,\"ts\":1731299782947,\"uid\":\"9876543210\",\"currency\":\"RS\",\"gType\":22,\"mType\":22001}"
}
2024-11-11 04:37:32 {
    "request": "{\"action\":6,\"ts\":1731299851685,\"uid\":\"9876543210\",\"currency\":\"RS\",\"gType\":22,\"mType\":22001}"
}
2024-11-11 04:38:13 {
    "request": "{\"action\":6,\"ts\":1731299891723,\"uid\":\"9876543210\",\"currency\":\"RS\",\"gType\":22,\"mType\":22001}"
}
2024-11-11 04:39:13 {
    "request": "{\"action\":6,\"ts\":1731299952082,\"uid\":\"9876543210\",\"currency\":\"RS\",\"gType\":22,\"mType\":22001}"
}
2024-11-11 04:40:12 {
    "request": "{\"action\":6,\"ts\":1731300011828,\"uid\":\"9876543210\",\"currency\":\"RS\",\"gType\":22,\"mType\":22001}"
}
2024-11-11 04:41:12 {
    "request": "{\"action\":6,\"ts\":1731300071560,\"uid\":\"9876543210\",\"currency\":\"RS\",\"gType\":22,\"mType\":22001}"
}
2024-11-11 04:41:50 {
    "request": "{\"action\":6,\"ts\":1731300109574,\"uid\":\"9876543210\",\"currency\":\"RS\",\"gType\":22,\"mType\":22001}"
}
2024-11-11 04:43:22 {
    "request": "{\"action\":6,\"ts\":1731300201111,\"uid\":\"9876543210\",\"currency\":\"RS\",\"gType\":22,\"mType\":22001}"
}
2024-11-11 04:44:12 {
    "request": "{\"action\":6,\"ts\":1731300251615,\"uid\":\"9876543210\",\"currency\":\"RS\",\"gType\":22,\"mType\":22001}"
}
2024-11-11 04:44:52 {
    "request": "{\"action\":6,\"ts\":1731300292134,\"uid\":\"9876543210\",\"currency\":\"RS\",\"gType\":22,\"mType\":22001}"
}
2024-11-11 04:45:42 {
    "request": "{\"action\":6,\"ts\":1731300341681,\"uid\":\"9876543210\",\"currency\":\"RS\",\"gType\":22,\"mType\":22001}"
}
2024-11-11 04:46:22 {
    "request": "{\"action\":6,\"ts\":1731300381808,\"uid\":\"9876543210\",\"currency\":\"RS\",\"gType\":22,\"mType\":22001}"
}
2024-11-11 04:47:12 {
    "request": "{\"action\":6,\"ts\":1731300431640,\"uid\":\"9876543210\",\"currency\":\"RS\",\"gType\":22,\"mType\":22001}"
}
2024-11-11 04:47:53 {
    "request": "{\"action\":6,\"ts\":1731300472658,\"uid\":\"9876543210\",\"currency\":\"RS\",\"gType\":22,\"mType\":22001}"
}
2024-11-11 04:48:42 {
    "request": "{\"action\":6,\"ts\":1731300521761,\"uid\":\"9876543210\",\"currency\":\"RS\",\"gType\":22,\"mType\":22001}"
}
2024-11-11 04:49:22 {
    "request": "{\"action\":6,\"ts\":1731300562102,\"uid\":\"9876543210\",\"currency\":\"RS\",\"gType\":22,\"mType\":22001}"
}
