2024-11-10 18:28:35 {
    "response": {
        "status": "0000",
        "balance": "6091.02",
        "err_text": ""
    }
}
2024-11-10 18:28:59 {
    "response": {
        "status": "0000",
        "balance": "6091.02",
        "err_text": ""
    }
}
2024-11-10 18:29:12 {
    "response": {
        "status": "0000",
        "balance": "973815596.04",
        "err_text": ""
    }
}
2024-11-10 18:29:52 {
    "response": {
        "status": "0000",
        "balance": "9995.07",
        "err_text": ""
    }
}
2024-11-10 18:29:55 {
    "response": {
        "status": "0003",
        "balance": 0,
        "err_text": "Invalid action"
    }
}
2024-11-10 18:30:04 {
    "response": {
        "status": "0003",
        "balance": 0,
        "err_text": "Invalid action"
    }
}
2024-11-10 18:30:10 {
    "response": {
        "status": "0003",
        "balance": 0,
        "err_text": "Invalid action"
    }
}
2024-11-10 18:30:11 {
    "response": {
        "status": "0003",
        "balance": 0,
        "err_text": "Invalid action"
    }
}
2024-11-10 18:30:36 {
    "response": {
        "status": "0003",
        "balance": 0,
        "err_text": "Invalid action"
    }
}
2024-11-10 18:30:57 {
    "response": {
        "status": "0000",
        "balance": "973815596.04",
        "err_text": ""
    }
}
2024-11-10 18:31:04 {
    "response": {
        "status": "0000",
        "balance": "9995.07",
        "err_text": ""
    }
}
2024-11-10 18:31:11 {
    "response": {
        "status": "0000",
        "balance": "973815596.04",
        "err_text": ""
    }
}
2024-11-10 18:31:13 {
    "response": {
        "status": "0000",
        "balance": "9995.07",
        "err_text": ""
    }
}
2024-11-10 18:31:37 {
    "response": {
        "status": "0000",
        "balance": "9995.07",
        "err_text": ""
    }
}
2024-11-10 18:33:25 {
    "response": {
        "status": "0003",
        "balance": 0,
        "err_text": "Invalid action"
    }
}
2024-11-10 18:33:26 {
    "response": {
        "status": "0003",
        "balance": 0,
        "err_text": "Invalid action"
    }
}
2024-11-10 18:33:30 {
    "response": {
        "status": "0003",
        "balance": 0,
        "err_text": "Invalid action"
    }
}
2024-11-10 18:33:31 {
    "response": {
        "status": "0003",
        "balance": 0,
        "err_text": "Invalid action"
    }
}
2024-11-10 18:59:09 {
    "response": {
        "status": "0000",
        "balance": "5205865.76",
        "err_text": ""
    }
}
2024-11-10 18:59:37 {
    "response": {
        "status": "0003",
        "balance": 0,
        "err_text": "Invalid action"
    }
}
2024-11-10 18:59:51 {
    "response": {
        "status": "0003",
        "balance": 0,
        "err_text": "Invalid action"
    }
}
2024-11-10 18:59:51 {
    "response": {
        "status": "0003",
        "balance": 0,
        "err_text": "Invalid action"
    }
}
2024-11-10 19:00:38 {
    "response": {
        "status": "0000",
        "balance": "5205865.76",
        "err_text": ""
    }
}
2024-11-10 19:00:54 {
    "response": {
        "status": "0000",
        "balance": "5205865.76",
        "err_text": ""
    }
}
2024-11-10 19:00:56 {
    "response": {
        "status": "0000",
        "balance": "5205865.76",
        "err_text": ""
    }
}
2024-11-10 19:35:42 {
    "response": {
        "status": "0003",
        "balance": 0,
        "err_text": "Invalid action"
    }
}
2024-11-10 19:35:42 {
    "response": {
        "status": "0003",
        "balance": 0,
        "err_text": "Invalid action"
    }
}
2024-11-10 20:15:06 {
    "response": {
        "status": "0003",
        "balance": 0,
        "err_text": "Invalid action"
    }
}
2024-11-10 20:39:55 {
    "response": {
        "status": "0003",
        "balance": 0,
        "err_text": "Invalid action"
    }
}
2024-11-10 21:40:52 {
    "response": {
        "status": "0003",
        "balance": 0,
        "err_text": "Invalid action"
    }
}
2024-11-10 22:25:20 {
    "response": {
        "status": "0000",
        "balance": "973815596.04",
        "err_text": ""
    }
}
2024-11-10 22:29:23 {
    "response": {
        "status": "0000",
        "balance": "973815596.04",
        "err_text": ""
    }
}
2024-11-10 22:29:55 {
    "response": {
        "status": "0003",
        "balance": 0,
        "err_text": "Invalid action"
    }
}
2024-11-10 22:29:55 {
    "response": {
        "status": "0003",
        "balance": 0,
        "err_text": "Invalid action"
    }
}
2024-11-10 22:29:58 {
    "response": {
        "status": "0003",
        "balance": 0,
        "err_text": "Invalid action"
    }
}
2024-11-10 22:30:56 {
    "response": {
        "status": "0000",
        "balance": "973815596.04",
        "err_text": ""
    }
}
2024-11-10 22:30:57 {
    "response": {
        "status": "0000",
        "balance": "973815596.04",
        "err_text": ""
    }
}
2024-11-10 22:30:59 {
    "response": {
        "status": "0000",
        "balance": "973815596.04",
        "err_text": ""
    }
}
2024-11-10 23:14:26 {
    "response": {
        "status": "0000",
        "balance": "18.52",
        "err_text": ""
    }
}
2024-11-11 00:18:26 {
    "response": {
        "status": "0003",
        "balance": 0,
        "err_text": "Invalid action"
    }
}
2024-11-11 00:18:30 {
    "response": {
        "status": "0003",
        "balance": 0,
        "err_text": "Invalid action"
    }
}
2024-11-11 02:56:56 {
    "response": {
        "status": "0000",
        "balance": "973812466.04",
        "err_text": ""
    }
}
2024-11-11 02:57:15 {
    "response": {
        "status": "0003",
        "balance": 0,
        "err_text": "Invalid action"
    }
}
2024-11-11 02:58:16 {
    "response": {
        "status": "0000",
        "balance": "973812492.04",
        "err_text": ""
    }
}
2024-11-11 04:14:45 {
    "response": {
        "status": "0003",
        "balance": 0,
        "err_text": "Invalid action"
    }
}
2024-11-11 04:36:24 {
    "response": {
        "status": "0000",
        "balance": "973812441.8399998",
        "err_text": ""
    }
}
2024-11-11 04:37:32 {
    "response": {
        "status": "0000",
        "balance": "973812441.8399998",
        "err_text": ""
    }
}
2024-11-11 04:38:13 {
    "response": {
        "status": "0000",
        "balance": "973812441.8399998",
        "err_text": ""
    }
}
2024-11-11 04:39:13 {
    "response": {
        "status": "0000",
        "balance": "973812441.8399998",
        "err_text": ""
    }
}
2024-11-11 04:40:12 {
    "response": {
        "status": "0000",
        "balance": "973812441.8399998",
        "err_text": ""
    }
}
2024-11-11 04:41:12 {
    "response": {
        "status": "0000",
        "balance": "973812441.8399998",
        "err_text": ""
    }
}
2024-11-11 04:41:50 {
    "response": {
        "status": "0000",
        "balance": "973812441.8399998",
        "err_text": ""
    }
}
2024-11-11 04:43:22 {
    "response": {
        "status": "0000",
        "balance": "973812441.8399998",
        "err_text": ""
    }
}
2024-11-11 04:44:12 {
    "response": {
        "status": "0000",
        "balance": "973812441.8399998",
        "err_text": ""
    }
}
2024-11-11 04:44:52 {
    "response": {
        "status": "0000",
        "balance": "973812441.8399998",
        "err_text": ""
    }
}
2024-11-11 04:45:42 {
    "response": {
        "status": "0000",
        "balance": "973812441.8399998",
        "err_text": ""
    }
}
2024-11-11 04:46:22 {
    "response": {
        "status": "0000",
        "balance": "973812441.8399998",
        "err_text": ""
    }
}
2024-11-11 04:47:12 {
    "response": {
        "status": "0000",
        "balance": "973812441.8399998",
        "err_text": ""
    }
}
2024-11-11 04:47:53 {
    "response": {
        "status": "0000",
        "balance": "973812441.8399998",
        "err_text": ""
    }
}
2024-11-11 04:48:42 {
    "response": {
        "status": "0000",
        "balance": "973812441.8399998",
        "err_text": ""
    }
}
2024-11-11 04:49:22 {
    "response": {
        "status": "0000",
        "balance": "973812441.8399998",
        "err_text": ""
    }
}
