2024-10-10 09:37:42 {
    "response": {
        "status": "0002",
        "balance": 0,
        "err_text": "Database error"
    }
}
2024-10-10 09:38:00 {
    "response": {
        "status": "0002",
        "balance": 0,
        "err_text": "Database error"
    }
}
2024-10-10 09:38:08 {
    "response": {
        "status": "0002",
        "balance": 0,
        "err_text": "Database error"
    }
}
2024-10-10 09:38:10 {
    "response": {
        "status": "0002",
        "balance": 0,
        "err_text": "Database error"
    }
}
2024-10-10 09:38:15 {
    "response": {
        "status": "0002",
        "balance": 0,
        "err_text": "Database error"
    }
}
2024-10-10 09:38:20 {
    "response": {
        "status": "0002",
        "balance": 0,
        "err_text": "Database error"
    }
}
2024-10-10 09:38:25 {
    "response": {
        "status": "0002",
        "balance": 0,
        "err_text": "Database error"
    }
}
2024-10-10 09:38:30 {
    "response": {
        "status": "0002",
        "balance": 0,
        "err_text": "Database error"
    }
}
2024-10-10 09:38:35 {
    "response": {
        "status": "0002",
        "balance": 0,
        "err_text": "Database error"
    }
}
2024-10-10 09:38:42 {
    "response": {
        "status": "0002",
        "balance": 0,
        "err_text": "Database error"
    }
}
2024-10-10 09:38:47 {
    "response": {
        "status": "0002",
        "balance": 0,
        "err_text": "Database error"
    }
}
2024-10-10 09:38:52 {
    "response": {
        "status": "0002",
        "balance": 0,
        "err_text": "Database error"
    }
}
2024-10-10 09:38:57 {
    "response": {
        "status": "0002",
        "balance": 0,
        "err_text": "Database error"
    }
}
2024-10-10 09:39:02 {
    "response": {
        "status": "0002",
        "balance": 0,
        "err_text": "Database error"
    }
}
2024-10-10 09:39:07 {
    "response": {
        "status": "0002",
        "balance": 0,
        "err_text": "Database error"
    }
}
2024-10-10 09:39:12 {
    "response": {
        "status": "0002",
        "balance": 0,
        "err_text": "Database error"
    }
}
2024-10-10 09:39:17 {
    "response": {
        "status": "0002",
        "balance": 0,
        "err_text": "Database error"
    }
}
2024-10-10 09:39:22 {
    "response": {
        "status": "0002",
        "balance": 0,
        "err_text": "Database error"
    }
}
2024-10-10 09:39:27 {
    "response": {
        "status": "0002",
        "balance": 0,
        "err_text": "Database error"
    }
}
2024-10-10 09:39:32 {
    "response": {
        "status": "0002",
        "balance": 0,
        "err_text": "Database error"
    }
}
2024-10-10 09:39:37 {
    "response": {
        "status": "0002",
        "balance": 0,
        "err_text": "Database error"
    }
}
2024-10-10 09:39:43 {
    "response": {
        "status": "0002",
        "balance": 0,
        "err_text": "Database error"
    }
}
2024-10-10 09:39:52 {
    "response": {
        "status": "0002",
        "balance": 0,
        "err_text": "Database error"
    }
}
2024-10-10 09:39:57 {
    "response": {
        "status": "0002",
        "balance": 0,
        "err_text": "Database error"
    }
}
2024-10-10 09:40:02 {
    "response": {
        "status": "0002",
        "balance": 0,
        "err_text": "Database error"
    }
}
2024-10-10 09:40:03 {
    "response": {
        "status": "0002",
        "balance": 0,
        "err_text": "Database error"
    }
}
2024-10-10 09:40:07 {
    "response": {
        "status": "0002",
        "balance": 0,
        "err_text": "Database error"
    }
}
2024-10-10 09:40:12 {
    "response": {
        "status": "0002",
        "balance": 0,
        "err_text": "Database error"
    }
}
2024-10-10 09:40:17 {
    "response": {
        "status": "0002",
        "balance": 0,
        "err_text": "Database error"
    }
}
2024-10-10 09:40:22 {
    "response": {
        "status": "0002",
        "balance": 0,
        "err_text": "Database error"
    }
}
2024-10-10 09:40:27 {
    "response": {
        "status": "0002",
        "balance": 0,
        "err_text": "Database error"
    }
}
2024-10-10 09:40:32 {
    "response": {
        "status": "0002",
        "balance": 0,
        "err_text": "Database error"
    }
}
2024-10-10 09:40:42 {
    "response": {
        "status": "0002",
        "balance": 0,
        "err_text": "Database error"
    }
}
2024-10-10 09:40:45 {
    "response": {
        "status": "0002",
        "balance": 0,
        "err_text": "Database error"
    }
}
2024-10-10 09:40:50 {
    "response": {
        "status": "0002",
        "balance": 0,
        "err_text": "Database error"
    }
}
2024-10-10 09:40:55 {
    "response": {
        "status": "0002",
        "balance": 0,
        "err_text": "Database error"
    }
}
2024-10-10 09:41:00 {
    "response": {
        "status": "0002",
        "balance": 0,
        "err_text": "Database error"
    }
}
2024-10-10 09:41:05 {
    "response": {
        "status": "0002",
        "balance": 0,
        "err_text": "Database error"
    }
}
2024-10-10 09:41:10 {
    "response": {
        "status": "0002",
        "balance": 0,
        "err_text": "Database error"
    }
}
2024-10-10 09:41:15 {
    "response": {
        "status": "0002",
        "balance": 0,
        "err_text": "Database error"
    }
}
2024-10-10 09:41:20 {
    "response": {
        "status": "0002",
        "balance": 0,
        "err_text": "Database error"
    }
}
2024-10-10 09:41:25 {
    "response": {
        "status": "0002",
        "balance": 0,
        "err_text": "Database error"
    }
}
2024-10-10 09:41:30 {
    "response": {
        "status": "0002",
        "balance": 0,
        "err_text": "Database error"
    }
}
2024-10-10 09:41:35 {
    "response": {
        "status": "0002",
        "balance": 0,
        "err_text": "Database error"
    }
}
2024-10-10 09:41:51 {
    "response": {
        "status": "0002",
        "balance": 0,
        "err_text": "Database error"
    }
}
2024-10-10 09:41:56 {
    "response": {
        "status": "0002",
        "balance": 0,
        "err_text": "Database error"
    }
}
2024-10-10 09:42:01 {
    "response": {
        "status": "0002",
        "balance": 0,
        "err_text": "Database error"
    }
}
2024-10-10 09:42:06 {
    "response": {
        "status": "0002",
        "balance": 0,
        "err_text": "Database error"
    }
}
2024-10-10 09:42:11 {
    "response": {
        "status": "0002",
        "balance": 0,
        "err_text": "Database error"
    }
}
2024-10-10 09:42:16 {
    "response": {
        "status": "0002",
        "balance": 0,
        "err_text": "Database error"
    }
}
2024-10-10 09:42:21 {
    "response": {
        "status": "0002",
        "balance": 0,
        "err_text": "Database error"
    }
}
2024-10-10 09:42:26 {
    "response": {
        "status": "0002",
        "balance": 0,
        "err_text": "Database error"
    }
}
2024-10-10 09:42:31 {
    "response": {
        "status": "0002",
        "balance": 0,
        "err_text": "Database error"
    }
}
2024-10-10 09:42:36 {
    "response": {
        "status": "0002",
        "balance": 0,
        "err_text": "Database error"
    }
}
2024-10-10 09:42:42 {
    "response": {
        "status": "0002",
        "balance": 0,
        "err_text": "Database error"
    }
}
2024-10-10 09:42:47 {
    "response": {
        "status": "0002",
        "balance": 0,
        "err_text": "Database error"
    }
}
2024-10-10 09:42:52 {
    "response": {
        "status": "0002",
        "balance": 0,
        "err_text": "Database error"
    }
}
2024-10-10 09:42:57 {
    "response": {
        "status": "0002",
        "balance": 0,
        "err_text": "Database error"
    }
}
2024-10-10 09:43:02 {
    "response": {
        "status": "0002",
        "balance": 0,
        "err_text": "Database error"
    }
}
2024-10-10 09:43:11 {
    "response": {
        "status": "0002",
        "balance": 0,
        "err_text": "Database error"
    }
}
2024-10-10 09:43:16 {
    "response": {
        "status": "0002",
        "balance": 0,
        "err_text": "Database error"
    }
}
2024-10-10 09:43:25 {
    "response": {
        "status": "0002",
        "balance": 0,
        "err_text": "Database error"
    }
}
2024-10-10 09:43:30 {
    "response": {
        "status": "0002",
        "balance": 0,
        "err_text": "Database error"
    }
}
2024-10-10 09:43:35 {
    "response": {
        "status": "0002",
        "balance": 0,
        "err_text": "Database error"
    }
}
2024-10-10 09:43:42 {
    "response": {
        "status": "0002",
        "balance": 0,
        "err_text": "Database error"
    }
}
2024-10-10 09:43:47 {
    "response": {
        "status": "0002",
        "balance": 0,
        "err_text": "Database error"
    }
}
2024-10-10 09:43:52 {
    "response": {
        "status": "0002",
        "balance": 0,
        "err_text": "Database error"
    }
}
2024-10-10 09:43:57 {
    "response": {
        "status": "0002",
        "balance": 0,
        "err_text": "Database error"
    }
}
2024-10-10 09:44:02 {
    "response": {
        "status": "0002",
        "balance": 0,
        "err_text": "Database error"
    }
}
2024-10-10 09:44:07 {
    "response": {
        "status": "0002",
        "balance": 0,
        "err_text": "Database error"
    }
}
2024-10-10 09:44:12 {
    "response": {
        "status": "0002",
        "balance": 0,
        "err_text": "Database error"
    }
}
2024-10-10 09:44:22 {
    "response": {
        "status": "0002",
        "balance": 0,
        "err_text": "Database error"
    }
}
2024-10-10 09:44:27 {
    "response": {
        "status": "0002",
        "balance": 0,
        "err_text": "Database error"
    }
}
2024-10-10 09:44:30 {
    "response": {
        "status": "0002",
        "balance": 0,
        "err_text": "Database error"
    }
}
2024-10-10 09:44:36 {
    "response": {
        "status": "0002",
        "balance": 0,
        "err_text": "Database error"
    }
}
2024-10-10 09:44:42 {
    "response": {
        "status": "0002",
        "balance": 0,
        "err_text": "Database error"
    }
}
2024-10-10 09:44:43 {
    "response": {
        "status": "0002",
        "balance": 0,
        "err_text": "Database error"
    }
}
2024-10-10 09:44:47 {
    "response": {
        "status": "0002",
        "balance": 0,
        "err_text": "Database error"
    }
}
2024-10-10 09:44:48 {
    "response": {
        "status": "0002",
        "balance": 0,
        "err_text": "Database error"
    }
}
2024-10-10 09:44:52 {
    "response": {
        "status": "0002",
        "balance": 0,
        "err_text": "Database error"
    }
}
2024-10-10 09:44:53 {
    "response": {
        "status": "0002",
        "balance": 0,
        "err_text": "Database error"
    }
}
2024-10-10 09:44:57 {
    "response": {
        "status": "0002",
        "balance": 0,
        "err_text": "Database error"
    }
}
2024-10-10 09:44:58 {
    "response": {
        "status": "0002",
        "balance": 0,
        "err_text": "Database error"
    }
}
2024-10-10 09:45:02 {
    "response": {
        "status": "0002",
        "balance": 0,
        "err_text": "Database error"
    }
}
2024-10-10 09:45:03 {
    "response": {
        "status": "0002",
        "balance": 0,
        "err_text": "Database error"
    }
}
2024-10-10 09:45:07 {
    "response": {
        "status": "0002",
        "balance": 0,
        "err_text": "Database error"
    }
}
2024-10-10 09:45:08 {
    "response": {
        "status": "0002",
        "balance": 0,
        "err_text": "Database error"
    }
}
2024-10-10 09:45:12 {
    "response": {
        "status": "0002",
        "balance": 0,
        "err_text": "Database error"
    }
}
2024-10-10 09:45:13 {
    "response": {
        "status": "0002",
        "balance": 0,
        "err_text": "Database error"
    }
}
2024-10-10 09:45:17 {
    "response": {
        "status": "0002",
        "balance": 0,
        "err_text": "Database error"
    }
}
2024-10-10 09:45:18 {
    "response": {
        "status": "0002",
        "balance": 0,
        "err_text": "Database error"
    }
}
2024-10-10 09:45:22 {
    "response": {
        "status": "0002",
        "balance": 0,
        "err_text": "Database error"
    }
}
2024-10-10 09:45:23 {
    "response": {
        "status": "0002",
        "balance": 0,
        "err_text": "Database error"
    }
}
2024-10-10 09:45:27 {
    "response": {
        "status": "0002",
        "balance": 0,
        "err_text": "Database error"
    }
}
2024-10-10 09:45:28 {
    "response": {
        "status": "0002",
        "balance": 0,
        "err_text": "Database error"
    }
}
2024-10-10 09:45:32 {
    "response": {
        "status": "0002",
        "balance": 0,
        "err_text": "Database error"
    }
}
2024-10-10 09:45:33 {
    "response": {
        "status": "0002",
        "balance": 0,
        "err_text": "Database error"
    }
}
2024-10-10 09:45:38 {
    "response": {
        "status": "0002",
        "balance": 0,
        "err_text": "Database error"
    }
}
2024-10-10 09:45:42 {
    "response": {
        "status": "0002",
        "balance": 0,
        "err_text": "Database error"
    }
}
2024-10-10 09:45:43 {
    "response": {
        "status": "0002",
        "balance": 0,
        "err_text": "Database error"
    }
}
2024-10-10 09:45:46 {
    "response": {
        "status": "0002",
        "balance": 0,
        "err_text": "Database error"
    }
}
2024-10-10 09:45:48 {
    "response": {
        "status": "0002",
        "balance": 0,
        "err_text": "Database error"
    }
}
2024-10-10 09:45:51 {
    "response": {
        "status": "0002",
        "balance": 0,
        "err_text": "Database error"
    }
}
2024-10-10 09:45:53 {
    "response": {
        "status": "0002",
        "balance": 0,
        "err_text": "Database error"
    }
}
2024-10-10 09:45:56 {
    "response": {
        "status": "0002",
        "balance": 0,
        "err_text": "Database error"
    }
}
2024-10-10 09:45:58 {
    "response": {
        "status": "0002",
        "balance": 0,
        "err_text": "Database error"
    }
}
2024-10-10 09:46:01 {
    "response": {
        "status": "0002",
        "balance": 0,
        "err_text": "Database error"
    }
}
2024-10-10 09:46:03 {
    "response": {
        "status": "0002",
        "balance": 0,
        "err_text": "Database error"
    }
}
2024-10-10 09:46:06 {
    "response": {
        "status": "0002",
        "balance": 0,
        "err_text": "Database error"
    }
}
2024-10-10 09:46:08 {
    "response": {
        "status": "0002",
        "balance": 0,
        "err_text": "Database error"
    }
}
2024-10-10 09:46:11 {
    "response": {
        "status": "0002",
        "balance": 0,
        "err_text": "Database error"
    }
}
2024-10-10 09:46:13 {
    "response": {
        "status": "0002",
        "balance": 0,
        "err_text": "Database error"
    }
}
2024-10-10 09:46:16 {
    "response": {
        "status": "0002",
        "balance": 0,
        "err_text": "Database error"
    }
}
2024-10-10 09:46:18 {
    "response": {
        "status": "0002",
        "balance": 0,
        "err_text": "Database error"
    }
}
2024-10-10 09:46:21 {
    "response": {
        "status": "0002",
        "balance": 0,
        "err_text": "Database error"
    }
}
2024-10-10 09:46:23 {
    "response": {
        "status": "0002",
        "balance": 0,
        "err_text": "Database error"
    }
}
2024-10-10 09:46:26 {
    "response": {
        "status": "0002",
        "balance": 0,
        "err_text": "Database error"
    }
}
2024-10-10 09:46:28 {
    "response": {
        "status": "0002",
        "balance": 0,
        "err_text": "Database error"
    }
}
2024-10-10 09:46:31 {
    "response": {
        "status": "0002",
        "balance": 0,
        "err_text": "Database error"
    }
}
2024-10-10 09:46:33 {
    "response": {
        "status": "0002",
        "balance": 0,
        "err_text": "Database error"
    }
}
2024-10-10 09:46:36 {
    "response": {
        "status": "0002",
        "balance": 0,
        "err_text": "Database error"
    }
}
2024-10-10 09:46:42 {
    "response": {
        "status": "0002",
        "balance": 0,
        "err_text": "Database error"
    }
}
2024-10-10 09:46:42 {
    "response": {
        "status": "0002",
        "balance": 0,
        "err_text": "Database error"
    }
}
2024-10-10 09:46:46 {
    "response": {
        "status": "0002",
        "balance": 0,
        "err_text": "Database error"
    }
}
2024-10-10 09:46:47 {
    "response": {
        "status": "0002",
        "balance": 0,
        "err_text": "Database error"
    }
}
2024-10-10 09:46:51 {
    "response": {
        "status": "0002",
        "balance": 0,
        "err_text": "Database error"
    }
}
2024-10-10 09:46:52 {
    "response": {
        "status": "0002",
        "balance": 0,
        "err_text": "Database error"
    }
}
2024-10-10 09:46:56 {
    "response": {
        "status": "0002",
        "balance": 0,
        "err_text": "Database error"
    }
}
2024-10-10 09:46:57 {
    "response": {
        "status": "0002",
        "balance": 0,
        "err_text": "Database error"
    }
}
2024-10-10 09:47:01 {
    "response": {
        "status": "0002",
        "balance": 0,
        "err_text": "Database error"
    }
}
2024-10-10 09:47:02 {
    "response": {
        "status": "0002",
        "balance": 0,
        "err_text": "Database error"
    }
}
2024-10-10 09:47:06 {
    "response": {
        "status": "0002",
        "balance": 0,
        "err_text": "Database error"
    }
}
2024-10-10 09:47:07 {
    "response": {
        "status": "0002",
        "balance": 0,
        "err_text": "Database error"
    }
}
2024-10-10 09:47:11 {
    "response": {
        "status": "0002",
        "balance": 0,
        "err_text": "Database error"
    }
}
2024-10-10 09:47:12 {
    "response": {
        "status": "0002",
        "balance": 0,
        "err_text": "Database error"
    }
}
2024-10-10 09:47:16 {
    "response": {
        "status": "0002",
        "balance": 0,
        "err_text": "Database error"
    }
}
2024-10-10 09:47:17 {
    "response": {
        "status": "0002",
        "balance": 0,
        "err_text": "Database error"
    }
}
2024-10-10 09:47:21 {
    "response": {
        "status": "0002",
        "balance": 0,
        "err_text": "Database error"
    }
}
2024-10-10 09:47:22 {
    "response": {
        "status": "0002",
        "balance": 0,
        "err_text": "Database error"
    }
}
2024-10-10 09:47:26 {
    "response": {
        "status": "0002",
        "balance": 0,
        "err_text": "Database error"
    }
}
2024-10-10 09:47:27 {
    "response": {
        "status": "0002",
        "balance": 0,
        "err_text": "Database error"
    }
}
2024-10-10 09:47:31 {
    "response": {
        "status": "0002",
        "balance": 0,
        "err_text": "Database error"
    }
}
2024-10-10 09:47:32 {
    "response": {
        "status": "0002",
        "balance": 0,
        "err_text": "Database error"
    }
}
2024-10-10 09:47:36 {
    "response": {
        "status": "0002",
        "balance": 0,
        "err_text": "Database error"
    }
}
2024-10-10 09:47:37 {
    "response": {
        "status": "0002",
        "balance": 0,
        "err_text": "Database error"
    }
}
2024-10-10 09:47:42 {
    "response": {
        "status": "0002",
        "balance": 0,
        "err_text": "Database error"
    }
}
2024-10-10 09:47:42 {
    "response": {
        "status": "0002",
        "balance": 0,
        "err_text": "Database error"
    }
}
2024-10-10 09:47:47 {
    "response": {
        "status": "0002",
        "balance": 0,
        "err_text": "Database error"
    }
}
2024-10-10 09:47:48 {
    "response": {
        "status": "0002",
        "balance": 0,
        "err_text": "Database error"
    }
}
2024-10-10 09:47:52 {
    "response": {
        "status": "0002",
        "balance": 0,
        "err_text": "Database error"
    }
}
2024-10-10 09:47:53 {
    "response": {
        "status": "0002",
        "balance": 0,
        "err_text": "Database error"
    }
}
2024-10-10 09:47:57 {
    "response": {
        "status": "0002",
        "balance": 0,
        "err_text": "Database error"
    }
}
2024-10-10 09:47:58 {
    "response": {
        "status": "0002",
        "balance": 0,
        "err_text": "Database error"
    }
}
2024-10-10 09:48:02 {
    "response": {
        "status": "0002",
        "balance": 0,
        "err_text": "Database error"
    }
}
2024-10-10 09:48:03 {
    "response": {
        "status": "0002",
        "balance": 0,
        "err_text": "Database error"
    }
}
2024-10-10 09:48:07 {
    "response": {
        "status": "0002",
        "balance": 0,
        "err_text": "Database error"
    }
}
2024-10-10 09:48:08 {
    "response": {
        "status": "0002",
        "balance": 0,
        "err_text": "Database error"
    }
}
2024-10-10 09:48:12 {
    "response": {
        "status": "0002",
        "balance": 0,
        "err_text": "Database error"
    }
}
2024-10-10 09:48:13 {
    "response": {
        "status": "0002",
        "balance": 0,
        "err_text": "Database error"
    }
}
2024-10-10 09:48:17 {
    "response": {
        "status": "0002",
        "balance": 0,
        "err_text": "Database error"
    }
}
2024-10-10 09:48:18 {
    "response": {
        "status": "0002",
        "balance": 0,
        "err_text": "Database error"
    }
}
2024-10-10 09:48:22 {
    "response": {
        "status": "0002",
        "balance": 0,
        "err_text": "Database error"
    }
}
2024-10-10 09:48:23 {
    "response": {
        "status": "0002",
        "balance": 0,
        "err_text": "Database error"
    }
}
2024-10-10 09:48:27 {
    "response": {
        "status": "0002",
        "balance": 0,
        "err_text": "Database error"
    }
}
2024-10-10 09:48:28 {
    "response": {
        "status": "0002",
        "balance": 0,
        "err_text": "Database error"
    }
}
2024-10-10 09:48:32 {
    "response": {
        "status": "0002",
        "balance": 0,
        "err_text": "Database error"
    }
}
2024-10-10 09:48:33 {
    "response": {
        "status": "0002",
        "balance": 0,
        "err_text": "Database error"
    }
}
2024-10-10 09:48:42 {
    "response": {
        "status": "0002",
        "balance": 0,
        "err_text": "Database error"
    }
}
2024-10-10 09:48:42 {
    "response": {
        "status": "0002",
        "balance": 0,
        "err_text": "Database error"
    }
}
2024-10-10 09:48:45 {
    "response": {
        "status": "0002",
        "balance": 0,
        "err_text": "Database error"
    }
}
2024-10-10 09:48:46 {
    "response": {
        "status": "0002",
        "balance": 0,
        "err_text": "Database error"
    }
}
2024-10-10 09:48:50 {
    "response": {
        "status": "0002",
        "balance": 0,
        "err_text": "Database error"
    }
}
2024-10-10 09:48:51 {
    "response": {
        "status": "0002",
        "balance": 0,
        "err_text": "Database error"
    }
}
2024-10-10 09:48:55 {
    "response": {
        "status": "0002",
        "balance": 0,
        "err_text": "Database error"
    }
}
2024-10-10 09:48:56 {
    "response": {
        "status": "0002",
        "balance": 0,
        "err_text": "Database error"
    }
}
2024-10-10 09:49:00 {
    "response": {
        "status": "0002",
        "balance": 0,
        "err_text": "Database error"
    }
}
2024-10-10 09:49:01 {
    "response": {
        "status": "0002",
        "balance": 0,
        "err_text": "Database error"
    }
}
2024-10-10 09:49:05 {
    "response": {
        "status": "0002",
        "balance": 0,
        "err_text": "Database error"
    }
}
2024-10-10 09:49:06 {
    "response": {
        "status": "0002",
        "balance": 0,
        "err_text": "Database error"
    }
}
2024-10-10 09:49:10 {
    "response": {
        "status": "0002",
        "balance": 0,
        "err_text": "Database error"
    }
}
2024-10-10 09:49:11 {
    "response": {
        "status": "0002",
        "balance": 0,
        "err_text": "Database error"
    }
}
2024-10-10 09:49:15 {
    "response": {
        "status": "0002",
        "balance": 0,
        "err_text": "Database error"
    }
}
2024-10-10 09:49:16 {
    "response": {
        "status": "0002",
        "balance": 0,
        "err_text": "Database error"
    }
}
2024-10-10 09:49:20 {
    "response": {
        "status": "0002",
        "balance": 0,
        "err_text": "Database error"
    }
}
2024-10-10 09:49:21 {
    "response": {
        "status": "0002",
        "balance": 0,
        "err_text": "Database error"
    }
}
2024-10-10 09:49:25 {
    "response": {
        "status": "0002",
        "balance": 0,
        "err_text": "Database error"
    }
}
2024-10-10 09:49:26 {
    "response": {
        "status": "0002",
        "balance": 0,
        "err_text": "Database error"
    }
}
2024-10-10 09:49:30 {
    "response": {
        "status": "0002",
        "balance": 0,
        "err_text": "Database error"
    }
}
2024-10-10 09:49:31 {
    "response": {
        "status": "0002",
        "balance": 0,
        "err_text": "Database error"
    }
}
2024-10-10 09:49:35 {
    "response": {
        "status": "0002",
        "balance": 0,
        "err_text": "Database error"
    }
}
2024-10-10 09:49:36 {
    "response": {
        "status": "0002",
        "balance": 0,
        "err_text": "Database error"
    }
}
2024-10-10 09:49:36 {
    "response": {
        "status": "0003",
        "balance": 0,
        "err_text": "Invalid action"
    }
}
2024-10-10 09:49:42 {
    "response": {
        "status": "0002",
        "balance": 0,
        "err_text": "Database error"
    }
}
2024-10-10 09:49:42 {
    "response": {
        "status": "0002",
        "balance": 0,
        "err_text": "Database error"
    }
}
2024-10-10 09:49:48 {
    "response": {
        "status": "0002",
        "balance": 0,
        "err_text": "Database error"
    }
}
2024-10-10 09:49:48 {
    "response": {
        "status": "0002",
        "balance": 0,
        "err_text": "Database error"
    }
}
2024-10-10 09:49:53 {
    "response": {
        "status": "0002",
        "balance": 0,
        "err_text": "Database error"
    }
}
2024-10-10 09:49:53 {
    "response": {
        "status": "0002",
        "balance": 0,
        "err_text": "Database error"
    }
}
2024-10-10 09:49:58 {
    "response": {
        "status": "0002",
        "balance": 0,
        "err_text": "Database error"
    }
}
2024-10-10 09:49:58 {
    "response": {
        "status": "0002",
        "balance": 0,
        "err_text": "Database error"
    }
}
2024-10-10 09:50:03 {
    "response": {
        "status": "0002",
        "balance": 0,
        "err_text": "Database error"
    }
}
2024-10-10 09:50:03 {
    "response": {
        "status": "0002",
        "balance": 0,
        "err_text": "Database error"
    }
}
2024-10-10 09:50:08 {
    "response": {
        "status": "0002",
        "balance": 0,
        "err_text": "Database error"
    }
}
2024-10-10 09:50:08 {
    "response": {
        "status": "0002",
        "balance": 0,
        "err_text": "Database error"
    }
}
2024-10-10 09:50:13 {
    "response": {
        "status": "0001",
        "balance": 0,
        "err_text": "User not found"
    }
}
2024-10-10 09:50:13 {
    "response": {
        "status": "0001",
        "balance": 0,
        "err_text": "User not found"
    }
}
2024-10-10 09:50:18 {
    "response": {
        "status": "0001",
        "balance": 0,
        "err_text": "User not found"
    }
}
2024-10-10 09:50:18 {
    "response": {
        "status": "0001",
        "balance": 0,
        "err_text": "User not found"
    }
}
2024-10-10 09:50:23 {
    "response": {
        "status": "0001",
        "balance": 0,
        "err_text": "User not found"
    }
}
2024-10-10 09:50:23 {
    "response": {
        "status": "0001",
        "balance": 0,
        "err_text": "User not found"
    }
}
2024-10-10 09:50:28 {
    "response": {
        "status": "0001",
        "balance": 0,
        "err_text": "User not found"
    }
}
2024-10-10 09:50:28 {
    "response": {
        "status": "0001",
        "balance": 0,
        "err_text": "User not found"
    }
}
2024-10-10 09:50:33 {
    "response": {
        "status": "0001",
        "balance": 0,
        "err_text": "User not found"
    }
}
2024-10-10 09:50:33 {
    "response": {
        "status": "0001",
        "balance": 0,
        "err_text": "User not found"
    }
}
2024-10-10 09:50:42 {
    "response": {
        "status": "0001",
        "balance": 0,
        "err_text": "User not found"
    }
}
2024-10-10 09:50:42 {
    "response": {
        "status": "0001",
        "balance": 0,
        "err_text": "User not found"
    }
}
2024-10-10 09:50:46 {
    "response": {
        "status": "0001",
        "balance": 0,
        "err_text": "User not found"
    }
}
2024-10-10 09:50:46 {
    "response": {
        "status": "0001",
        "balance": 0,
        "err_text": "User not found"
    }
}
2024-10-10 09:50:51 {
    "response": {
        "status": "0001",
        "balance": 0,
        "err_text": "User not found"
    }
}
2024-10-10 09:50:51 {
    "response": {
        "status": "0001",
        "balance": 0,
        "err_text": "User not found"
    }
}
2024-10-10 09:50:56 {
    "response": {
        "status": "0001",
        "balance": 0,
        "err_text": "User not found"
    }
}
2024-10-10 09:50:56 {
    "response": {
        "status": "0001",
        "balance": 0,
        "err_text": "User not found"
    }
}
2024-10-10 09:51:01 {
    "response": {
        "status": "0001",
        "balance": 0,
        "err_text": "User not found"
    }
}
2024-10-10 09:51:01 {
    "response": {
        "status": "0001",
        "balance": 0,
        "err_text": "User not found"
    }
}
2024-10-10 09:51:06 {
    "response": {
        "status": "0001",
        "balance": 0,
        "err_text": "User not found"
    }
}
2024-10-10 09:51:06 {
    "response": {
        "status": "0001",
        "balance": 0,
        "err_text": "User not found"
    }
}
2024-10-10 09:51:11 {
    "response": {
        "status": "0001",
        "balance": 0,
        "err_text": "User not found"
    }
}
2024-10-10 09:51:11 {
    "response": {
        "status": "0001",
        "balance": 0,
        "err_text": "User not found"
    }
}
2024-10-10 09:51:16 {
    "response": {
        "status": "0001",
        "balance": 0,
        "err_text": "User not found"
    }
}
2024-10-10 09:51:16 {
    "response": {
        "status": "0001",
        "balance": 0,
        "err_text": "User not found"
    }
}
2024-10-10 09:51:21 {
    "response": {
        "status": "0001",
        "balance": 0,
        "err_text": "User not found"
    }
}
2024-10-10 09:51:21 {
    "response": {
        "status": "0001",
        "balance": 0,
        "err_text": "User not found"
    }
}
2024-10-10 09:51:26 {
    "response": {
        "status": "0001",
        "balance": 0,
        "err_text": "User not found"
    }
}
2024-10-10 09:51:26 {
    "response": {
        "status": "0001",
        "balance": 0,
        "err_text": "User not found"
    }
}
2024-10-10 09:51:31 {
    "response": {
        "status": "0001",
        "balance": 0,
        "err_text": "User not found"
    }
}
2024-10-10 09:51:31 {
    "response": {
        "status": "0001",
        "balance": 0,
        "err_text": "User not found"
    }
}
2024-10-10 09:51:36 {
    "response": {
        "status": "0001",
        "balance": 0,
        "err_text": "User not found"
    }
}
2024-10-10 09:51:36 {
    "response": {
        "status": "0001",
        "balance": 0,
        "err_text": "User not found"
    }
}
2024-10-10 09:51:42 {
    "response": {
        "status": "0001",
        "balance": 0,
        "err_text": "User not found"
    }
}
2024-10-10 09:51:42 {
    "response": {
        "status": "0001",
        "balance": 0,
        "err_text": "User not found"
    }
}
2024-10-10 09:51:47 {
    "response": {
        "status": "0001",
        "balance": 0,
        "err_text": "User not found"
    }
}
2024-10-10 09:51:47 {
    "response": {
        "status": "0001",
        "balance": 0,
        "err_text": "User not found"
    }
}
2024-10-10 09:51:52 {
    "response": {
        "status": "0001",
        "balance": 0,
        "err_text": "User not found"
    }
}
2024-10-10 09:51:52 {
    "response": {
        "status": "0001",
        "balance": 0,
        "err_text": "User not found"
    }
}
2024-10-10 09:51:57 {
    "response": {
        "status": "0001",
        "balance": 0,
        "err_text": "User not found"
    }
}
2024-10-10 09:51:57 {
    "response": {
        "status": "0001",
        "balance": 0,
        "err_text": "User not found"
    }
}
2024-10-10 09:52:02 {
    "response": {
        "status": "0001",
        "balance": 0,
        "err_text": "User not found"
    }
}
2024-10-10 09:52:02 {
    "response": {
        "status": "0001",
        "balance": 0,
        "err_text": "User not found"
    }
}
2024-10-10 09:52:07 {
    "response": {
        "status": "0001",
        "balance": 0,
        "err_text": "User not found"
    }
}
2024-10-10 09:52:07 {
    "response": {
        "status": "0001",
        "balance": 0,
        "err_text": "User not found"
    }
}
2024-10-10 09:52:12 {
    "response": {
        "status": "0001",
        "balance": 0,
        "err_text": "User not found"
    }
}
2024-10-10 09:52:12 {
    "response": {
        "status": "0001",
        "balance": 0,
        "err_text": "User not found"
    }
}
2024-10-10 09:52:17 {
    "response": {
        "status": "0001",
        "balance": 0,
        "err_text": "User not found"
    }
}
2024-10-10 09:52:17 {
    "response": {
        "status": "0001",
        "balance": 0,
        "err_text": "User not found"
    }
}
2024-10-10 09:52:22 {
    "response": {
        "status": "0001",
        "balance": 0,
        "err_text": "User not found"
    }
}
2024-10-10 09:52:22 {
    "response": {
        "status": "0001",
        "balance": 0,
        "err_text": "User not found"
    }
}
2024-10-10 09:52:27 {
    "response": {
        "status": "0001",
        "balance": 0,
        "err_text": "User not found"
    }
}
2024-10-10 09:52:27 {
    "response": {
        "status": "0001",
        "balance": 0,
        "err_text": "User not found"
    }
}
2024-10-10 09:52:32 {
    "response": {
        "status": "0001",
        "balance": 0,
        "err_text": "User not found"
    }
}
2024-10-10 09:52:32 {
    "response": {
        "status": "0001",
        "balance": 0,
        "err_text": "User not found"
    }
}
2024-10-10 09:52:42 {
    "response": {
        "status": "0001",
        "balance": 0,
        "err_text": "User not found"
    }
}
2024-10-10 09:52:42 {
    "response": {
        "status": "0001",
        "balance": 0,
        "err_text": "User not found"
    }
}
2024-10-10 09:52:45 {
    "response": {
        "status": "0001",
        "balance": 0,
        "err_text": "User not found"
    }
}
2024-10-10 09:52:45 {
    "response": {
        "status": "0001",
        "balance": 0,
        "err_text": "User not found"
    }
}
2024-10-10 09:52:50 {
    "response": {
        "status": "0001",
        "balance": 0,
        "err_text": "User not found"
    }
}
2024-10-10 09:52:50 {
    "response": {
        "status": "0001",
        "balance": 0,
        "err_text": "User not found"
    }
}
2024-10-10 09:52:55 {
    "response": {
        "status": "0001",
        "balance": 0,
        "err_text": "User not found"
    }
}
2024-10-10 09:52:55 {
    "response": {
        "status": "0001",
        "balance": 0,
        "err_text": "User not found"
    }
}
2024-10-10 09:53:00 {
    "response": {
        "status": "0001",
        "balance": 0,
        "err_text": "User not found"
    }
}
2024-10-10 09:53:00 {
    "response": {
        "status": "0001",
        "balance": 0,
        "err_text": "User not found"
    }
}
2024-10-10 09:53:05 {
    "response": {
        "status": "0001",
        "balance": 0,
        "err_text": "User not found"
    }
}
2024-10-10 09:53:05 {
    "response": {
        "status": "0001",
        "balance": 0,
        "err_text": "User not found"
    }
}
2024-10-10 09:53:10 {
    "response": {
        "status": "0001",
        "balance": 0,
        "err_text": "User not found"
    }
}
2024-10-10 09:53:10 {
    "response": {
        "status": "0001",
        "balance": 0,
        "err_text": "User not found"
    }
}
2024-10-10 09:53:15 {
    "response": {
        "status": "0001",
        "balance": 0,
        "err_text": "User not found"
    }
}
2024-10-10 09:53:15 {
    "response": {
        "status": "0001",
        "balance": 0,
        "err_text": "User not found"
    }
}
2024-10-10 09:53:20 {
    "response": {
        "status": "0001",
        "balance": 0,
        "err_text": "User not found"
    }
}
2024-10-10 09:53:20 {
    "response": {
        "status": "0001",
        "balance": 0,
        "err_text": "User not found"
    }
}
2024-10-10 09:53:25 {
    "response": {
        "status": "0001",
        "balance": 0,
        "err_text": "User not found"
    }
}
2024-10-10 09:53:25 {
    "response": {
        "status": "0001",
        "balance": 0,
        "err_text": "User not found"
    }
}
2024-10-10 09:53:30 {
    "response": {
        "status": "0001",
        "balance": 0,
        "err_text": "User not found"
    }
}
2024-10-10 09:53:30 {
    "response": {
        "status": "0001",
        "balance": 0,
        "err_text": "User not found"
    }
}
2024-10-10 09:53:35 {
    "response": {
        "status": "0001",
        "balance": 0,
        "err_text": "User not found"
    }
}
2024-10-10 09:53:35 {
    "response": {
        "status": "0001",
        "balance": 0,
        "err_text": "User not found"
    }
}
2024-10-10 09:53:42 {
    "response": {
        "status": "0001",
        "balance": 0,
        "err_text": "User not found"
    }
}
2024-10-10 09:53:42 {
    "response": {
        "status": "0001",
        "balance": 0,
        "err_text": "User not found"
    }
}
2024-10-10 09:53:47 {
    "response": {
        "status": "0001",
        "balance": 0,
        "err_text": "User not found"
    }
}
2024-10-10 09:53:47 {
    "response": {
        "status": "0001",
        "balance": 0,
        "err_text": "User not found"
    }
}
2024-10-10 09:53:52 {
    "response": {
        "status": "0001",
        "balance": 0,
        "err_text": "User not found"
    }
}
2024-10-10 09:53:52 {
    "response": {
        "status": "0001",
        "balance": 0,
        "err_text": "User not found"
    }
}
2024-10-10 09:53:52 {
    "response": {
        "status": "0000",
        "balance": 2212,
        "err_text": ""
    }
}
2024-10-10 09:53:57 {
    "response": {
        "status": "0001",
        "balance": 0,
        "err_text": "User not found"
    }
}
2024-10-10 09:53:57 {
    "response": {
        "status": "0001",
        "balance": 0,
        "err_text": "User not found"
    }
}
2024-10-10 09:54:02 {
    "response": {
        "status": "0001",
        "balance": 0,
        "err_text": "User not found"
    }
}
2024-10-10 09:54:02 {
    "response": {
        "status": "0001",
        "balance": 0,
        "err_text": "User not found"
    }
}
2024-10-10 09:54:07 {
    "response": {
        "status": "0001",
        "balance": 0,
        "err_text": "User not found"
    }
}
2024-10-10 09:54:08 {
    "response": {
        "status": "0001",
        "balance": 0,
        "err_text": "User not found"
    }
}
2024-10-10 09:54:12 {
    "response": {
        "status": "0001",
        "balance": 0,
        "err_text": "User not found"
    }
}
2024-10-10 09:54:13 {
    "response": {
        "status": "0001",
        "balance": 0,
        "err_text": "User not found"
    }
}
2024-10-10 09:54:17 {
    "response": {
        "status": "0001",
        "balance": 0,
        "err_text": "User not found"
    }
}
2024-10-10 09:54:18 {
    "response": {
        "status": "0001",
        "balance": 0,
        "err_text": "User not found"
    }
}
2024-10-10 09:54:22 {
    "response": {
        "status": "0001",
        "balance": 0,
        "err_text": "User not found"
    }
}
2024-10-10 09:54:23 {
    "response": {
        "status": "0001",
        "balance": 0,
        "err_text": "User not found"
    }
}
2024-10-10 09:54:27 {
    "response": {
        "status": "0001",
        "balance": 0,
        "err_text": "User not found"
    }
}
2024-10-10 09:54:29 {
    "response": {
        "status": "0001",
        "balance": 0,
        "err_text": "User not found"
    }
}
2024-10-10 09:54:31 {
    "response": {
        "status": "0001",
        "balance": 0,
        "err_text": "User not found"
    }
}
2024-10-10 09:54:34 {
    "response": {
        "status": "0001",
        "balance": 0,
        "err_text": "User not found"
    }
}
2024-10-10 09:54:37 {
    "response": {
        "status": "0001",
        "balance": 0,
        "err_text": "User not found"
    }
}
2024-10-10 09:54:42 {
    "response": {
        "status": "0001",
        "balance": 0,
        "err_text": "User not found"
    }
}
2024-10-10 09:54:42 {
    "response": {
        "status": "0001",
        "balance": 0,
        "err_text": "User not found"
    }
}
2024-10-10 09:54:47 {
    "response": {
        "status": "0001",
        "balance": 0,
        "err_text": "User not found"
    }
}
2024-10-10 09:54:47 {
    "response": {
        "status": "0001",
        "balance": 0,
        "err_text": "User not found"
    }
}
2024-10-10 09:54:52 {
    "response": {
        "status": "0001",
        "balance": 0,
        "err_text": "User not found"
    }
}
2024-10-10 09:54:52 {
    "response": {
        "status": "0001",
        "balance": 0,
        "err_text": "User not found"
    }
}
2024-10-10 09:54:57 {
    "response": {
        "status": "0001",
        "balance": 0,
        "err_text": "User not found"
    }
}
2024-10-10 09:54:57 {
    "response": {
        "status": "0001",
        "balance": 0,
        "err_text": "User not found"
    }
}
2024-10-10 09:55:02 {
    "response": {
        "status": "0001",
        "balance": 0,
        "err_text": "User not found"
    }
}
2024-10-10 09:55:02 {
    "response": {
        "status": "0001",
        "balance": 0,
        "err_text": "User not found"
    }
}
2024-10-10 09:55:07 {
    "response": {
        "status": "0001",
        "balance": 0,
        "err_text": "User not found"
    }
}
2024-10-10 09:55:07 {
    "response": {
        "status": "0001",
        "balance": 0,
        "err_text": "User not found"
    }
}
2024-10-10 09:55:12 {
    "response": {
        "status": "0001",
        "balance": 0,
        "err_text": "User not found"
    }
}
2024-10-10 09:55:12 {
    "response": {
        "status": "0001",
        "balance": 0,
        "err_text": "User not found"
    }
}
2024-10-10 09:55:17 {
    "response": {
        "status": "0001",
        "balance": 0,
        "err_text": "User not found"
    }
}
2024-10-10 09:55:17 {
    "response": {
        "status": "0001",
        "balance": 0,
        "err_text": "User not found"
    }
}
2024-10-10 09:55:22 {
    "response": {
        "status": "0001",
        "balance": 0,
        "err_text": "User not found"
    }
}
2024-10-10 09:55:22 {
    "response": {
        "status": "0001",
        "balance": 0,
        "err_text": "User not found"
    }
}
2024-10-10 09:55:25 {
    "response": {
        "status": "0000",
        "balance": 2212,
        "err_text": ""
    }
}
2024-10-10 09:55:27 {
    "response": {
        "status": "0001",
        "balance": 0,
        "err_text": "User not found"
    }
}
2024-10-10 09:55:27 {
    "response": {
        "status": "0001",
        "balance": 0,
        "err_text": "User not found"
    }
}
2024-10-10 09:55:32 {
    "response": {
        "status": "0001",
        "balance": 0,
        "err_text": "User not found"
    }
}
2024-10-10 09:55:33 {
    "response": {
        "status": "0001",
        "balance": 0,
        "err_text": "User not found"
    }
}
2024-10-10 09:55:39 {
    "response": {
        "status": "0001",
        "balance": 0,
        "err_text": "User not found"
    }
}
2024-10-10 09:55:41 {
    "response": {
        "status": "0001",
        "balance": 0,
        "err_text": "User not found"
    }
}
2024-10-10 09:55:44 {
    "response": {
        "status": "0001",
        "balance": 0,
        "err_text": "User not found"
    }
}
2024-10-10 09:55:46 {
    "response": {
        "status": "0001",
        "balance": 0,
        "err_text": "User not found"
    }
}
2024-10-10 09:55:49 {
    "response": {
        "status": "0001",
        "balance": 0,
        "err_text": "User not found"
    }
}
2024-10-10 09:55:51 {
    "response": {
        "status": "0001",
        "balance": 0,
        "err_text": "User not found"
    }
}
2024-10-10 09:55:54 {
    "response": {
        "status": "0001",
        "balance": 0,
        "err_text": "User not found"
    }
}
2024-10-10 09:55:56 {
    "response": {
        "status": "0001",
        "balance": 0,
        "err_text": "User not found"
    }
}
2024-10-10 09:55:59 {
    "response": {
        "status": "0001",
        "balance": 0,
        "err_text": "User not found"
    }
}
2024-10-10 09:56:01 {
    "response": {
        "status": "0001",
        "balance": 0,
        "err_text": "User not found"
    }
}
2024-10-10 09:56:04 {
    "response": {
        "status": "0001",
        "balance": 0,
        "err_text": "User not found"
    }
}
2024-10-10 09:56:06 {
    "response": {
        "status": "0001",
        "balance": 0,
        "err_text": "User not found"
    }
}
2024-10-10 09:56:09 {
    "response": {
        "status": "0001",
        "balance": 0,
        "err_text": "User not found"
    }
}
2024-10-10 09:56:11 {
    "response": {
        "status": "0001",
        "balance": 0,
        "err_text": "User not found"
    }
}
2024-10-10 09:56:14 {
    "response": {
        "status": "0001",
        "balance": 0,
        "err_text": "User not found"
    }
}
2024-10-10 09:56:16 {
    "response": {
        "status": "0001",
        "balance": 0,
        "err_text": "User not found"
    }
}
2024-10-10 09:56:19 {
    "response": {
        "status": "0001",
        "balance": 0,
        "err_text": "User not found"
    }
}
2024-10-10 09:56:21 {
    "response": {
        "status": "0001",
        "balance": 0,
        "err_text": "User not found"
    }
}
2024-10-10 09:56:24 {
    "response": {
        "status": "0001",
        "balance": 0,
        "err_text": "User not found"
    }
}
2024-10-10 09:56:26 {
    "response": {
        "status": "0001",
        "balance": 0,
        "err_text": "User not found"
    }
}
2024-10-10 09:56:29 {
    "response": {
        "status": "0001",
        "balance": 0,
        "err_text": "User not found"
    }
}
2024-10-10 09:56:31 {
    "response": {
        "status": "0001",
        "balance": 0,
        "err_text": "User not found"
    }
}
2024-10-10 09:56:34 {
    "response": {
        "status": "0001",
        "balance": 0,
        "err_text": "User not found"
    }
}
2024-10-10 09:56:36 {
    "response": {
        "status": "0001",
        "balance": 0,
        "err_text": "User not found"
    }
}
2024-10-10 09:56:42 {
    "response": {
        "status": "0001",
        "balance": 0,
        "err_text": "User not found"
    }
}
2024-10-10 09:56:42 {
    "response": {
        "status": "0001",
        "balance": 0,
        "err_text": "User not found"
    }
}
2024-10-10 09:56:47 {
    "response": {
        "status": "0001",
        "balance": 0,
        "err_text": "User not found"
    }
}
2024-10-10 09:56:47 {
    "response": {
        "status": "0001",
        "balance": 0,
        "err_text": "User not found"
    }
}
2024-10-10 09:56:52 {
    "response": {
        "status": "0001",
        "balance": 0,
        "err_text": "User not found"
    }
}
2024-10-10 09:56:52 {
    "response": {
        "status": "0001",
        "balance": 0,
        "err_text": "User not found"
    }
}
2024-10-10 09:56:57 {
    "response": {
        "status": "0001",
        "balance": 0,
        "err_text": "User not found"
    }
}
2024-10-10 09:56:57 {
    "response": {
        "status": "0001",
        "balance": 0,
        "err_text": "User not found"
    }
}
2024-10-10 09:57:02 {
    "response": {
        "status": "0001",
        "balance": 0,
        "err_text": "User not found"
    }
}
2024-10-10 09:57:02 {
    "response": {
        "status": "0001",
        "balance": 0,
        "err_text": "User not found"
    }
}
2024-10-10 09:57:07 {
    "response": {
        "status": "0001",
        "balance": 0,
        "err_text": "User not found"
    }
}
2024-10-10 09:57:07 {
    "response": {
        "status": "0001",
        "balance": 0,
        "err_text": "User not found"
    }
}
2024-10-10 09:57:12 {
    "response": {
        "status": "0001",
        "balance": 0,
        "err_text": "User not found"
    }
}
2024-10-10 09:57:12 {
    "response": {
        "status": "0001",
        "balance": 0,
        "err_text": "User not found"
    }
}
2024-10-10 09:57:17 {
    "response": {
        "status": "0001",
        "balance": 0,
        "err_text": "User not found"
    }
}
2024-10-10 09:57:17 {
    "response": {
        "status": "0001",
        "balance": 0,
        "err_text": "User not found"
    }
}
2024-10-10 09:57:22 {
    "response": {
        "status": "0001",
        "balance": 0,
        "err_text": "User not found"
    }
}
2024-10-10 09:57:22 {
    "response": {
        "status": "0001",
        "balance": 0,
        "err_text": "User not found"
    }
}
2024-10-10 09:57:27 {
    "response": {
        "status": "0001",
        "balance": 0,
        "err_text": "User not found"
    }
}
2024-10-10 09:57:27 {
    "response": {
        "status": "0001",
        "balance": 0,
        "err_text": "User not found"
    }
}
2024-10-10 09:57:32 {
    "response": {
        "status": "0001",
        "balance": 0,
        "err_text": "User not found"
    }
}
2024-10-10 09:57:32 {
    "response": {
        "status": "0001",
        "balance": 0,
        "err_text": "User not found"
    }
}
2024-10-10 09:57:40 {
    "response": {
        "status": "0001",
        "balance": 0,
        "err_text": "User not found"
    }
}
2024-10-10 09:57:41 {
    "response": {
        "status": "0001",
        "balance": 0,
        "err_text": "User not found"
    }
}
2024-10-10 09:57:45 {
    "response": {
        "status": "0001",
        "balance": 0,
        "err_text": "User not found"
    }
}
2024-10-10 09:57:45 {
    "response": {
        "status": "0001",
        "balance": 0,
        "err_text": "User not found"
    }
}
2024-10-10 09:57:50 {
    "response": {
        "status": "0001",
        "balance": 0,
        "err_text": "User not found"
    }
}
2024-10-10 09:57:50 {
    "response": {
        "status": "0001",
        "balance": 0,
        "err_text": "User not found"
    }
}
2024-10-10 09:57:55 {
    "response": {
        "status": "0001",
        "balance": 0,
        "err_text": "User not found"
    }
}
2024-10-10 09:57:55 {
    "response": {
        "status": "0001",
        "balance": 0,
        "err_text": "User not found"
    }
}
2024-10-10 09:58:00 {
    "response": {
        "status": "0001",
        "balance": 0,
        "err_text": "User not found"
    }
}
2024-10-10 09:58:00 {
    "response": {
        "status": "0001",
        "balance": 0,
        "err_text": "User not found"
    }
}
2024-10-10 09:58:05 {
    "response": {
        "status": "0001",
        "balance": 0,
        "err_text": "User not found"
    }
}
2024-10-10 09:58:05 {
    "response": {
        "status": "0001",
        "balance": 0,
        "err_text": "User not found"
    }
}
2024-10-10 09:58:10 {
    "response": {
        "status": "0001",
        "balance": 0,
        "err_text": "User not found"
    }
}
2024-10-10 09:58:10 {
    "response": {
        "status": "0001",
        "balance": 0,
        "err_text": "User not found"
    }
}
2024-10-10 09:58:15 {
    "response": {
        "status": "0001",
        "balance": 0,
        "err_text": "User not found"
    }
}
2024-10-10 09:58:15 {
    "response": {
        "status": "0001",
        "balance": 0,
        "err_text": "User not found"
    }
}
2024-10-10 09:58:20 {
    "response": {
        "status": "0001",
        "balance": 0,
        "err_text": "User not found"
    }
}
2024-10-10 09:58:20 {
    "response": {
        "status": "0001",
        "balance": 0,
        "err_text": "User not found"
    }
}
2024-10-10 09:58:25 {
    "response": {
        "status": "0001",
        "balance": 0,
        "err_text": "User not found"
    }
}
2024-10-10 09:58:25 {
    "response": {
        "status": "0001",
        "balance": 0,
        "err_text": "User not found"
    }
}
2024-10-10 09:58:30 {
    "response": {
        "status": "0001",
        "balance": 0,
        "err_text": "User not found"
    }
}
2024-10-10 09:58:30 {
    "response": {
        "status": "0001",
        "balance": 0,
        "err_text": "User not found"
    }
}
2024-10-10 09:58:35 {
    "response": {
        "status": "0001",
        "balance": 0,
        "err_text": "User not found"
    }
}
2024-10-10 09:58:35 {
    "response": {
        "status": "0001",
        "balance": 0,
        "err_text": "User not found"
    }
}
2024-10-10 09:58:41 {
    "response": {
        "status": "0001",
        "balance": 0,
        "err_text": "User not found"
    }
}
2024-10-10 09:58:41 {
    "response": {
        "status": "0001",
        "balance": 0,
        "err_text": "User not found"
    }
}
2024-10-10 09:58:47 {
    "response": {
        "status": "0001",
        "balance": 0,
        "err_text": "User not found"
    }
}
2024-10-10 09:58:47 {
    "response": {
        "status": "0001",
        "balance": 0,
        "err_text": "User not found"
    }
}
2024-10-10 09:58:52 {
    "response": {
        "status": "0001",
        "balance": 0,
        "err_text": "User not found"
    }
}
2024-10-10 09:58:52 {
    "response": {
        "status": "0001",
        "balance": 0,
        "err_text": "User not found"
    }
}
2024-10-10 09:58:57 {
    "response": {
        "status": "0001",
        "balance": 0,
        "err_text": "User not found"
    }
}
2024-10-10 09:58:57 {
    "response": {
        "status": "0001",
        "balance": 0,
        "err_text": "User not found"
    }
}
2024-10-10 09:59:02 {
    "response": {
        "status": "0001",
        "balance": 0,
        "err_text": "User not found"
    }
}
2024-10-10 09:59:02 {
    "response": {
        "status": "0001",
        "balance": 0,
        "err_text": "User not found"
    }
}
2024-10-10 09:59:07 {
    "response": {
        "status": "0001",
        "balance": 0,
        "err_text": "User not found"
    }
}
2024-10-10 09:59:07 {
    "response": {
        "status": "0001",
        "balance": 0,
        "err_text": "User not found"
    }
}
2024-10-10 09:59:12 {
    "response": {
        "status": "0001",
        "balance": 0,
        "err_text": "User not found"
    }
}
2024-10-10 09:59:12 {
    "response": {
        "status": "0001",
        "balance": 0,
        "err_text": "User not found"
    }
}
2024-10-10 09:59:17 {
    "response": {
        "status": "0001",
        "balance": 0,
        "err_text": "User not found"
    }
}
2024-10-10 09:59:17 {
    "response": {
        "status": "0001",
        "balance": 0,
        "err_text": "User not found"
    }
}
2024-10-10 09:59:22 {
    "response": {
        "status": "0001",
        "balance": 0,
        "err_text": "User not found"
    }
}
2024-10-10 09:59:22 {
    "response": {
        "status": "0001",
        "balance": 0,
        "err_text": "User not found"
    }
}
2024-10-10 09:59:27 {
    "response": {
        "status": "0001",
        "balance": 0,
        "err_text": "User not found"
    }
}
2024-10-10 09:59:27 {
    "response": {
        "status": "0001",
        "balance": 0,
        "err_text": "User not found"
    }
}
2024-10-10 09:59:32 {
    "response": {
        "status": "0001",
        "balance": 0,
        "err_text": "User not found"
    }
}
2024-10-10 09:59:32 {
    "response": {
        "status": "0001",
        "balance": 0,
        "err_text": "User not found"
    }
}
2024-10-10 09:59:37 {
    "response": {
        "status": "0001",
        "balance": 0,
        "err_text": "User not found"
    }
}
2024-10-10 09:59:40 {
    "response": {
        "status": "0001",
        "balance": 0,
        "err_text": "User not found"
    }
}
2024-10-10 09:59:42 {
    "response": {
        "status": "0001",
        "balance": 0,
        "err_text": "User not found"
    }
}
2024-10-10 09:59:45 {
    "response": {
        "status": "0001",
        "balance": 0,
        "err_text": "User not found"
    }
}
2024-10-10 09:59:47 {
    "response": {
        "status": "0001",
        "balance": 0,
        "err_text": "User not found"
    }
}
2024-10-10 09:59:50 {
    "response": {
        "status": "0001",
        "balance": 0,
        "err_text": "User not found"
    }
}
2024-10-10 09:59:52 {
    "response": {
        "status": "0001",
        "balance": 0,
        "err_text": "User not found"
    }
}
2024-10-10 09:59:55 {
    "response": {
        "status": "0001",
        "balance": 0,
        "err_text": "User not found"
    }
}
2024-10-10 09:59:57 {
    "response": {
        "status": "0001",
        "balance": 0,
        "err_text": "User not found"
    }
}
2024-10-10 10:00:00 {
    "response": {
        "status": "0001",
        "balance": 0,
        "err_text": "User not found"
    }
}
2024-10-10 10:00:02 {
    "response": {
        "status": "0001",
        "balance": 0,
        "err_text": "User not found"
    }
}
2024-10-10 10:00:05 {
    "response": {
        "status": "0001",
        "balance": 0,
        "err_text": "User not found"
    }
}
2024-10-10 10:00:07 {
    "response": {
        "status": "0001",
        "balance": 0,
        "err_text": "User not found"
    }
}
2024-10-10 10:00:10 {
    "response": {
        "status": "0001",
        "balance": 0,
        "err_text": "User not found"
    }
}
2024-10-10 10:00:12 {
    "response": {
        "status": "0001",
        "balance": 0,
        "err_text": "User not found"
    }
}
2024-10-10 10:00:15 {
    "response": {
        "status": "0001",
        "balance": 0,
        "err_text": "User not found"
    }
}
2024-10-10 10:00:17 {
    "response": {
        "status": "0001",
        "balance": 0,
        "err_text": "User not found"
    }
}
2024-10-10 10:00:20 {
    "response": {
        "status": "0001",
        "balance": 0,
        "err_text": "User not found"
    }
}
2024-10-10 10:00:22 {
    "response": {
        "status": "0001",
        "balance": 0,
        "err_text": "User not found"
    }
}
2024-10-10 10:00:25 {
    "response": {
        "status": "0001",
        "balance": 0,
        "err_text": "User not found"
    }
}
2024-10-10 10:00:28 {
    "response": {
        "status": "0001",
        "balance": 0,
        "err_text": "User not found"
    }
}
2024-10-10 10:00:30 {
    "response": {
        "status": "0001",
        "balance": 0,
        "err_text": "User not found"
    }
}
2024-10-10 10:00:33 {
    "response": {
        "status": "0001",
        "balance": 0,
        "err_text": "User not found"
    }
}
2024-10-10 10:00:35 {
    "response": {
        "status": "0001",
        "balance": 0,
        "err_text": "User not found"
    }
}
2024-10-10 10:00:40 {
    "response": {
        "status": "0001",
        "balance": 0,
        "err_text": "User not found"
    }
}
2024-10-10 10:00:42 {
    "response": {
        "status": "0001",
        "balance": 0,
        "err_text": "User not found"
    }
}
2024-10-10 10:00:45 {
    "response": {
        "status": "0001",
        "balance": 0,
        "err_text": "User not found"
    }
}
2024-10-10 10:00:47 {
    "response": {
        "status": "0001",
        "balance": 0,
        "err_text": "User not found"
    }
}
2024-10-10 10:00:50 {
    "response": {
        "status": "0001",
        "balance": 0,
        "err_text": "User not found"
    }
}
2024-10-10 10:00:52 {
    "response": {
        "status": "0001",
        "balance": 0,
        "err_text": "User not found"
    }
}
2024-10-10 10:00:55 {
    "response": {
        "status": "0001",
        "balance": 0,
        "err_text": "User not found"
    }
}
2024-10-10 10:00:57 {
    "response": {
        "status": "0002",
        "balance": 0,
        "err_text": "Database error"
    }
}
2024-10-10 10:01:00 {
    "response": {
        "status": "0002",
        "balance": 0,
        "err_text": "Database error"
    }
}
2024-10-10 10:01:02 {
    "response": {
        "status": "0002",
        "balance": 0,
        "err_text": "Database error"
    }
}
2024-10-10 10:01:05 {
    "response": {
        "status": "0002",
        "balance": 0,
        "err_text": "Database error"
    }
}
2024-10-10 10:01:07 {
    "response": {
        "status": "0002",
        "balance": 0,
        "err_text": "Database error"
    }
}
2024-10-10 10:01:10 {
    "response": {
        "status": "0002",
        "balance": 0,
        "err_text": "Database error"
    }
}
2024-10-10 10:01:12 {
    "response": {
        "status": "0002",
        "balance": 0,
        "err_text": "Database error"
    }
}
2024-10-10 10:01:15 {
    "response": {
        "status": "0002",
        "balance": 0,
        "err_text": "Database error"
    }
}
2024-10-10 10:01:17 {
    "response": {
        "status": "0002",
        "balance": 0,
        "err_text": "Database error"
    }
}
2024-10-10 10:01:20 {
    "response": {
        "status": "0002",
        "balance": 0,
        "err_text": "Database error"
    }
}
2024-10-10 10:01:22 {
    "response": {
        "status": "0002",
        "balance": 0,
        "err_text": "Database error"
    }
}
2024-10-10 10:01:25 {
    "response": {
        "status": "0002",
        "balance": 0,
        "err_text": "Database error"
    }
}
2024-10-10 10:01:27 {
    "response": {
        "status": "0002",
        "balance": 0,
        "err_text": "Database error"
    }
}
2024-10-10 10:01:30 {
    "response": {
        "status": "0002",
        "balance": 0,
        "err_text": "Database error"
    }
}
2024-10-10 10:01:32 {
    "response": {
        "status": "0002",
        "balance": 0,
        "err_text": "Database error"
    }
}
2024-10-10 10:01:35 {
    "response": {
        "status": "0002",
        "balance": 0,
        "err_text": "Database error"
    }
}
2024-10-10 10:01:40 {
    "response": {
        "status": "0002",
        "balance": 0,
        "err_text": "Database error"
    }
}
2024-10-10 10:01:42 {
    "response": {
        "status": "0002",
        "balance": 0,
        "err_text": "Database error"
    }
}
2024-10-10 10:01:45 {
    "response": {
        "status": "0002",
        "balance": 0,
        "err_text": "Database error"
    }
}
2024-10-10 10:01:47 {
    "response": {
        "status": "0002",
        "balance": 0,
        "err_text": "Database error"
    }
}
2024-10-10 10:01:50 {
    "response": {
        "status": "0002",
        "balance": 0,
        "err_text": "Database error"
    }
}
2024-10-10 10:01:52 {
    "response": {
        "status": "0002",
        "balance": 0,
        "err_text": "Database error"
    }
}
2024-10-10 10:01:55 {
    "response": {
        "status": "0002",
        "balance": 0,
        "err_text": "Database error"
    }
}
2024-10-10 10:01:57 {
    "response": {
        "status": "0002",
        "balance": 0,
        "err_text": "Database error"
    }
}
2024-10-10 10:02:00 {
    "response": {
        "status": "0002",
        "balance": 0,
        "err_text": "Database error"
    }
}
2024-10-10 10:02:02 {
    "response": {
        "status": "0002",
        "balance": 0,
        "err_text": "Database error"
    }
}
2024-10-10 10:02:05 {
    "response": {
        "status": "0002",
        "balance": 0,
        "err_text": "Database error"
    }
}
2024-10-10 10:02:07 {
    "response": {
        "status": "0002",
        "balance": 0,
        "err_text": "Database error"
    }
}
2024-10-10 10:02:10 {
    "response": {
        "status": "0002",
        "balance": 0,
        "err_text": "Database error"
    }
}
2024-10-10 10:02:12 {
    "response": {
        "status": "0002",
        "balance": 0,
        "err_text": "Database error"
    }
}
2024-10-10 10:02:13 {
    "response": {
        "status": "0002",
        "balance": 0,
        "err_text": "Database error"
    }
}
2024-10-10 10:02:15 {
    "response": {
        "status": "0002",
        "balance": 0,
        "err_text": "Database error"
    }
}
2024-10-10 10:02:17 {
    "response": {
        "status": "0002",
        "balance": 0,
        "err_text": "Database error"
    }
}
2024-10-10 10:02:20 {
    "response": {
        "status": "0002",
        "balance": 0,
        "err_text": "Database error"
    }
}
2024-10-10 10:02:22 {
    "response": {
        "status": "0002",
        "balance": 0,
        "err_text": "Database error"
    }
}
2024-10-10 10:02:25 {
    "response": {
        "status": "0002",
        "balance": 0,
        "err_text": "Database error"
    }
}
2024-10-10 10:02:27 {
    "response": {
        "status": "0002",
        "balance": 0,
        "err_text": "Database error"
    }
}
2024-10-10 10:02:29 {
    "response": {
        "status": "0002",
        "balance": 0,
        "err_text": "Database error"
    }
}
2024-10-10 10:02:30 {
    "response": {
        "status": "0002",
        "balance": 0,
        "err_text": "Database error"
    }
}
2024-10-10 10:02:30 {
    "response": {
        "status": "0002",
        "balance": 0,
        "err_text": "Database error"
    }
}
2024-10-10 10:02:32 {
    "response": {
        "status": "0002",
        "balance": 0,
        "err_text": "Database error"
    }
}
2024-10-10 10:02:35 {
    "response": {
        "status": "0002",
        "balance": 0,
        "err_text": "Database error"
    }
}
2024-10-10 10:02:35 {
    "response": {
        "status": "0002",
        "balance": 0,
        "err_text": "Database error"
    }
}
2024-10-10 10:02:37 {
    "response": {
        "status": "0002",
        "balance": 0,
        "err_text": "Database error"
    }
}
2024-10-10 10:02:41 {
    "response": {
        "status": "0002",
        "balance": 0,
        "err_text": "Database error"
    }
}
2024-10-10 10:02:41 {
    "response": {
        "status": "0002",
        "balance": 0,
        "err_text": "Database error"
    }
}
2024-10-10 10:02:42 {
    "response": {
        "status": "0002",
        "balance": 0,
        "err_text": "Database error"
    }
}
2024-10-10 10:02:47 {
    "response": {
        "status": "0002",
        "balance": 0,
        "err_text": "Database error"
    }
}
2024-10-10 10:02:47 {
    "response": {
        "status": "0002",
        "balance": 0,
        "err_text": "Database error"
    }
}
2024-10-10 10:02:47 {
    "response": {
        "status": "0002",
        "balance": 0,
        "err_text": "Database error"
    }
}
2024-10-10 10:02:52 {
    "response": {
        "status": "0002",
        "balance": 0,
        "err_text": "Database error"
    }
}
2024-10-10 10:02:52 {
    "response": {
        "status": "0002",
        "balance": 0,
        "err_text": "Database error"
    }
}
2024-10-10 10:02:52 {
    "response": {
        "status": "0002",
        "balance": 0,
        "err_text": "Database error"
    }
}
2024-10-10 10:02:57 {
    "response": {
        "status": "0002",
        "balance": 0,
        "err_text": "Database error"
    }
}
2024-10-10 10:02:57 {
    "response": {
        "status": "0002",
        "balance": 0,
        "err_text": "Database error"
    }
}
2024-10-10 10:02:57 {
    "response": {
        "status": "0002",
        "balance": 0,
        "err_text": "Database error"
    }
}
2024-10-10 10:03:02 {
    "response": {
        "status": "0002",
        "balance": 0,
        "err_text": "Database error"
    }
}
2024-10-10 10:03:02 {
    "response": {
        "status": "0002",
        "balance": 0,
        "err_text": "Database error"
    }
}
2024-10-10 10:03:02 {
    "response": {
        "status": "0002",
        "balance": 0,
        "err_text": "Database error"
    }
}
2024-10-10 10:03:07 {
    "response": {
        "status": "0002",
        "balance": 0,
        "err_text": "Database error"
    }
}
2024-10-10 10:03:07 {
    "response": {
        "status": "0002",
        "balance": 0,
        "err_text": "Database error"
    }
}
2024-10-10 10:03:07 {
    "response": {
        "status": "0002",
        "balance": 0,
        "err_text": "Database error"
    }
}
2024-10-10 10:03:12 {
    "response": {
        "status": "0002",
        "balance": 0,
        "err_text": "Database error"
    }
}
2024-10-10 10:03:12 {
    "response": {
        "status": "0002",
        "balance": 0,
        "err_text": "Database error"
    }
}
2024-10-10 10:03:12 {
    "response": {
        "status": "0002",
        "balance": 0,
        "err_text": "Database error"
    }
}
2024-10-10 10:03:17 {
    "response": {
        "status": "0002",
        "balance": 0,
        "err_text": "Database error"
    }
}
2024-10-10 10:03:17 {
    "response": {
        "status": "0002",
        "balance": 0,
        "err_text": "Database error"
    }
}
2024-10-10 10:03:17 {
    "response": {
        "status": "0002",
        "balance": 0,
        "err_text": "Database error"
    }
}
2024-10-10 10:03:22 {
    "response": {
        "status": "0002",
        "balance": 0,
        "err_text": "Database error"
    }
}
2024-10-10 10:03:22 {
    "response": {
        "status": "0002",
        "balance": 0,
        "err_text": "Database error"
    }
}
2024-10-10 10:03:22 {
    "response": {
        "status": "0002",
        "balance": 0,
        "err_text": "Database error"
    }
}
2024-10-10 10:03:27 {
    "response": {
        "status": "0002",
        "balance": 0,
        "err_text": "Database error"
    }
}
2024-10-10 10:03:27 {
    "response": {
        "status": "0002",
        "balance": 0,
        "err_text": "Database error"
    }
}
2024-10-10 10:03:27 {
    "response": {
        "status": "0002",
        "balance": 0,
        "err_text": "Database error"
    }
}
2024-10-10 10:03:32 {
    "response": {
        "status": "0002",
        "balance": 0,
        "err_text": "Database error"
    }
}
2024-10-10 10:03:32 {
    "response": {
        "status": "0002",
        "balance": 0,
        "err_text": "Database error"
    }
}
2024-10-10 10:03:32 {
    "response": {
        "status": "0002",
        "balance": 0,
        "err_text": "Database error"
    }
}
2024-10-10 10:03:38 {
    "response": {
        "status": "0002",
        "balance": 0,
        "err_text": "Database error"
    }
}
2024-10-10 10:03:40 {
    "response": {
        "status": "0002",
        "balance": 0,
        "err_text": "Database error"
    }
}
2024-10-10 10:03:42 {
    "response": {
        "status": "0002",
        "balance": 0,
        "err_text": "Database error"
    }
}
2024-10-10 10:03:44 {
    "response": {
        "status": "0002",
        "balance": 0,
        "err_text": "Database error"
    }
}
2024-10-10 10:03:48 {
    "response": {
        "status": "0002",
        "balance": 0,
        "err_text": "Database error"
    }
}
2024-10-10 10:03:48 {
    "response": {
        "status": "0002",
        "balance": 0,
        "err_text": "Database error"
    }
}
2024-10-10 10:03:49 {
    "response": {
        "status": "0002",
        "balance": 0,
        "err_text": "Database error"
    }
}
2024-10-10 10:03:53 {
    "response": {
        "status": "0002",
        "balance": 0,
        "err_text": "Database error"
    }
}
2024-10-10 10:03:54 {
    "response": {
        "status": "0002",
        "balance": 0,
        "err_text": "Database error"
    }
}
2024-10-10 10:03:54 {
    "response": {
        "status": "0002",
        "balance": 0,
        "err_text": "Database error"
    }
}
2024-10-10 10:03:58 {
    "response": {
        "status": "0002",
        "balance": 0,
        "err_text": "Database error"
    }
}
2024-10-10 10:03:59 {
    "response": {
        "status": "0002",
        "balance": 0,
        "err_text": "Database error"
    }
}
2024-10-10 10:03:59 {
    "response": {
        "status": "0002",
        "balance": 0,
        "err_text": "Database error"
    }
}
2024-10-10 10:04:03 {
    "response": {
        "status": "0002",
        "balance": 0,
        "err_text": "Database error"
    }
}
2024-10-10 10:04:04 {
    "response": {
        "status": "0002",
        "balance": 0,
        "err_text": "Database error"
    }
}
2024-10-10 10:04:04 {
    "response": {
        "status": "0002",
        "balance": 0,
        "err_text": "Database error"
    }
}
2024-10-10 10:04:08 {
    "response": {
        "status": "0002",
        "balance": 0,
        "err_text": "Database error"
    }
}
2024-10-10 10:04:09 {
    "response": {
        "status": "0002",
        "balance": 0,
        "err_text": "Database error"
    }
}
2024-10-10 10:04:09 {
    "response": {
        "status": "0002",
        "balance": 0,
        "err_text": "Database error"
    }
}
2024-10-10 10:04:13 {
    "response": {
        "status": "0002",
        "balance": 0,
        "err_text": "Database error"
    }
}
2024-10-10 10:04:14 {
    "response": {
        "status": "0002",
        "balance": 0,
        "err_text": "Database error"
    }
}
2024-10-10 10:04:14 {
    "response": {
        "status": "0002",
        "balance": 0,
        "err_text": "Database error"
    }
}
2024-10-10 10:04:19 {
    "response": {
        "status": "0002",
        "balance": 0,
        "err_text": "Database error"
    }
}
2024-10-10 10:04:19 {
    "response": {
        "status": "0002",
        "balance": 0,
        "err_text": "Database error"
    }
}
2024-10-10 10:04:19 {
    "response": {
        "status": "0002",
        "balance": 0,
        "err_text": "Database error"
    }
}
2024-10-10 10:04:24 {
    "response": {
        "status": "0002",
        "balance": 0,
        "err_text": "Database error"
    }
}
2024-10-10 10:04:24 {
    "response": {
        "status": "0002",
        "balance": 0,
        "err_text": "Database error"
    }
}
2024-10-10 10:04:24 {
    "response": {
        "status": "0002",
        "balance": 0,
        "err_text": "Database error"
    }
}
2024-10-10 10:04:29 {
    "response": {
        "status": "0002",
        "balance": 0,
        "err_text": "Database error"
    }
}
2024-10-10 10:04:29 {
    "response": {
        "status": "0002",
        "balance": 0,
        "err_text": "Database error"
    }
}
2024-10-10 10:04:29 {
    "response": {
        "status": "0002",
        "balance": 0,
        "err_text": "Database error"
    }
}
2024-10-10 10:04:34 {
    "response": {
        "status": "0002",
        "balance": 0,
        "err_text": "Database error"
    }
}
2024-10-10 10:04:34 {
    "response": {
        "status": "0002",
        "balance": 0,
        "err_text": "Database error"
    }
}
2024-10-10 10:04:34 {
    "response": {
        "status": "0002",
        "balance": 0,
        "err_text": "Database error"
    }
}
2024-10-10 10:04:41 {
    "response": {
        "status": "0002",
        "balance": 0,
        "err_text": "Database error"
    }
}
2024-10-10 10:04:41 {
    "response": {
        "status": "0002",
        "balance": 0,
        "err_text": "Database error"
    }
}
2024-10-10 10:04:41 {
    "response": {
        "status": "0002",
        "balance": 0,
        "err_text": "Database error"
    }
}
2024-10-10 10:04:47 {
    "response": {
        "status": "0002",
        "balance": 0,
        "err_text": "Database error"
    }
}
2024-10-10 10:04:47 {
    "response": {
        "status": "0002",
        "balance": 0,
        "err_text": "Database error"
    }
}
2024-10-10 10:04:47 {
    "response": {
        "status": "0002",
        "balance": 0,
        "err_text": "Database error"
    }
}
2024-10-10 10:04:52 {
    "response": {
        "status": "0002",
        "balance": 0,
        "err_text": "Database error"
    }
}
2024-10-10 10:04:52 {
    "response": {
        "status": "0002",
        "balance": 0,
        "err_text": "Database error"
    }
}
2024-10-10 10:04:52 {
    "response": {
        "status": "0002",
        "balance": 0,
        "err_text": "Database error"
    }
}
2024-10-10 10:04:57 {
    "response": {
        "status": "0002",
        "balance": 0,
        "err_text": "Database error"
    }
}
2024-10-10 10:04:57 {
    "response": {
        "status": "0002",
        "balance": 0,
        "err_text": "Database error"
    }
}
2024-10-10 10:05:01 {
    "response": {
        "status": "0002",
        "balance": 0,
        "err_text": "Database error"
    }
}
2024-10-10 10:05:02 {
    "response": {
        "status": "0002",
        "balance": 0,
        "err_text": "Database error"
    }
}
2024-10-10 10:05:02 {
    "response": {
        "status": "0002",
        "balance": 0,
        "err_text": "Database error"
    }
}
2024-10-10 10:05:06 {
    "response": {
        "status": "0002",
        "balance": 0,
        "err_text": "Database error"
    }
}
2024-10-10 10:05:07 {
    "response": {
        "status": "0002",
        "balance": 0,
        "err_text": "Database error"
    }
}
2024-10-10 10:05:07 {
    "response": {
        "status": "0002",
        "balance": 0,
        "err_text": "Database error"
    }
}
2024-10-10 10:05:11 {
    "response": {
        "status": "0002",
        "balance": 0,
        "err_text": "Database error"
    }
}
2024-10-10 10:05:12 {
    "response": {
        "status": "0002",
        "balance": 0,
        "err_text": "Database error"
    }
}
2024-10-10 10:05:12 {
    "response": {
        "status": "0002",
        "balance": 0,
        "err_text": "Database error"
    }
}
2024-10-10 10:05:16 {
    "response": {
        "status": "0002",
        "balance": 0,
        "err_text": "Database error"
    }
}
2024-10-10 10:05:17 {
    "response": {
        "status": "0002",
        "balance": 0,
        "err_text": "Database error"
    }
}
2024-10-10 10:05:17 {
    "response": {
        "status": "0002",
        "balance": 0,
        "err_text": "Database error"
    }
}
2024-10-10 10:05:21 {
    "response": {
        "status": "0002",
        "balance": 0,
        "err_text": "Database error"
    }
}
2024-10-10 10:05:22 {
    "response": {
        "status": "0002",
        "balance": 0,
        "err_text": "Database error"
    }
}
2024-10-10 10:05:22 {
    "response": {
        "status": "0002",
        "balance": 0,
        "err_text": "Database error"
    }
}
2024-10-10 10:05:26 {
    "response": {
        "status": "0002",
        "balance": 0,
        "err_text": "Database error"
    }
}
2024-10-10 10:05:27 {
    "response": {
        "status": "0002",
        "balance": 0,
        "err_text": "Database error"
    }
}
2024-10-10 10:05:27 {
    "response": {
        "status": "0002",
        "balance": 0,
        "err_text": "Database error"
    }
}
2024-10-10 10:05:31 {
    "response": {
        "status": "0002",
        "balance": 0,
        "err_text": "Database error"
    }
}
2024-10-10 10:05:32 {
    "response": {
        "status": "0002",
        "balance": 0,
        "err_text": "Database error"
    }
}
2024-10-10 10:05:32 {
    "response": {
        "status": "0002",
        "balance": 0,
        "err_text": "Database error"
    }
}
2024-10-10 10:05:36 {
    "response": {
        "status": "0002",
        "balance": 0,
        "err_text": "Database error"
    }
}
2024-10-10 10:05:37 {
    "response": {
        "status": "0002",
        "balance": 0,
        "err_text": "Database error"
    }
}
2024-10-10 10:05:41 {
    "response": {
        "status": "0002",
        "balance": 0,
        "err_text": "Database error"
    }
}
2024-10-10 10:05:41 {
    "response": {
        "status": "0002",
        "balance": 0,
        "err_text": "Database error"
    }
}
2024-10-10 10:05:42 {
    "response": {
        "status": "0002",
        "balance": 0,
        "err_text": "Database error"
    }
}
2024-10-10 10:05:46 {
    "response": {
        "status": "0002",
        "balance": 0,
        "err_text": "Database error"
    }
}
2024-10-10 10:05:47 {
    "response": {
        "status": "0002",
        "balance": 0,
        "err_text": "Database error"
    }
}
2024-10-10 10:05:47 {
    "response": {
        "status": "0002",
        "balance": 0,
        "err_text": "Database error"
    }
}
2024-10-10 10:05:52 {
    "response": {
        "status": "0002",
        "balance": 0,
        "err_text": "Database error"
    }
}
2024-10-10 10:05:52 {
    "response": {
        "status": "0002",
        "balance": 0,
        "err_text": "Database error"
    }
}
2024-10-10 10:05:52 {
    "response": {
        "status": "0002",
        "balance": 0,
        "err_text": "Database error"
    }
}
2024-10-10 10:05:57 {
    "response": {
        "status": "0002",
        "balance": 0,
        "err_text": "Database error"
    }
}
2024-10-10 10:05:57 {
    "response": {
        "status": "0002",
        "balance": 0,
        "err_text": "Database error"
    }
}
2024-10-10 10:05:57 {
    "response": {
        "status": "0002",
        "balance": 0,
        "err_text": "Database error"
    }
}
2024-10-10 10:06:02 {
    "response": {
        "status": "0002",
        "balance": 0,
        "err_text": "Database error"
    }
}
2024-10-10 10:06:02 {
    "response": {
        "status": "0002",
        "balance": 0,
        "err_text": "Database error"
    }
}
2024-10-10 10:06:02 {
    "response": {
        "status": "0002",
        "balance": 0,
        "err_text": "Database error"
    }
}
2024-10-10 10:06:07 {
    "response": {
        "status": "0002",
        "balance": 0,
        "err_text": "Database error"
    }
}
2024-10-10 10:06:07 {
    "response": {
        "status": "0002",
        "balance": 0,
        "err_text": "Database error"
    }
}
2024-10-10 10:06:07 {
    "response": {
        "status": "0002",
        "balance": 0,
        "err_text": "Database error"
    }
}
2024-10-10 10:06:12 {
    "response": {
        "status": "0002",
        "balance": 0,
        "err_text": "Database error"
    }
}
2024-10-10 10:06:12 {
    "response": {
        "status": "0002",
        "balance": 0,
        "err_text": "Database error"
    }
}
2024-10-10 10:06:12 {
    "response": {
        "status": "0002",
        "balance": 0,
        "err_text": "Database error"
    }
}
2024-10-10 10:06:17 {
    "response": {
        "status": "0002",
        "balance": 0,
        "err_text": "Database error"
    }
}
2024-10-10 10:06:17 {
    "response": {
        "status": "0002",
        "balance": 0,
        "err_text": "Database error"
    }
}
2024-10-10 10:06:17 {
    "response": {
        "status": "0002",
        "balance": 0,
        "err_text": "Database error"
    }
}
2024-10-10 10:06:22 {
    "response": {
        "status": "0002",
        "balance": 0,
        "err_text": "Database error"
    }
}
2024-10-10 10:06:22 {
    "response": {
        "status": "0002",
        "balance": 0,
        "err_text": "Database error"
    }
}
2024-10-10 10:06:22 {
    "response": {
        "status": "0002",
        "balance": 0,
        "err_text": "Database error"
    }
}
2024-10-10 10:06:27 {
    "response": {
        "status": "0002",
        "balance": 0,
        "err_text": "Database error"
    }
}
2024-10-10 10:06:27 {
    "response": {
        "status": "0002",
        "balance": 0,
        "err_text": "Database error"
    }
}
2024-10-10 10:06:28 {
    "response": {
        "status": "0002",
        "balance": 0,
        "err_text": "Database error"
    }
}
2024-10-10 10:06:32 {
    "response": {
        "status": "0002",
        "balance": 0,
        "err_text": "Database error"
    }
}
2024-10-10 10:06:32 {
    "response": {
        "status": "0002",
        "balance": 0,
        "err_text": "Database error"
    }
}
2024-10-10 10:06:33 {
    "response": {
        "status": "0002",
        "balance": 0,
        "err_text": "Database error"
    }
}
2024-10-10 10:06:39 {
    "response": {
        "status": "0002",
        "balance": 0,
        "err_text": "Database error"
    }
}
2024-10-10 10:06:41 {
    "response": {
        "status": "0002",
        "balance": 0,
        "err_text": "Database error"
    }
}
2024-10-10 10:06:41 {
    "response": {
        "status": "0002",
        "balance": 0,
        "err_text": "Database error"
    }
}
2024-10-10 10:06:45 {
    "response": {
        "status": "0002",
        "balance": 0,
        "err_text": "Database error"
    }
}
2024-10-10 10:06:45 {
    "response": {
        "status": "0002",
        "balance": 0,
        "err_text": "Database error"
    }
}
2024-10-10 10:06:46 {
    "response": {
        "status": "0002",
        "balance": 0,
        "err_text": "Database error"
    }
}
2024-10-10 10:06:50 {
    "response": {
        "status": "0002",
        "balance": 0,
        "err_text": "Database error"
    }
}
2024-10-10 10:06:50 {
    "response": {
        "status": "0002",
        "balance": 0,
        "err_text": "Database error"
    }
}
2024-10-10 10:06:51 {
    "response": {
        "status": "0002",
        "balance": 0,
        "err_text": "Database error"
    }
}
2024-10-10 10:42:38 {
    "response": {
        "status": "0003",
        "balance": 0,
        "err_text": "Invalid action"
    }
}
2024-10-10 12:06:33 {
    "response": {
        "status": "0003",
        "balance": 0,
        "err_text": "Invalid action"
    }
}
2024-10-10 14:33:48 {
    "response": {
        "status": "0003",
        "balance": 0,
        "err_text": "Invalid action"
    }
}
2024-10-10 14:33:51 {
    "response": {
        "status": "0003",
        "balance": 0,
        "err_text": "Invalid action"
    }
}
2024-10-10 18:26:51 {
    "response": {
        "status": "0003",
        "balance": 0,
        "err_text": "Invalid action"
    }
}
2024-10-10 19:23:03 {
    "response": {
        "status": "0003",
        "balance": 0,
        "err_text": "Invalid action"
    }
}
2024-10-10 20:59:15 {
    "response": {
        "status": "0003",
        "balance": 0,
        "err_text": "Invalid action"
    }
}
2024-10-10 22:12:23 {
    "response": {
        "status": "0003",
        "balance": 0,
        "err_text": "Invalid action"
    }
}
2024-10-11 00:25:55 {
    "response": {
        "status": "0003",
        "balance": 0,
        "err_text": "Invalid action"
    }
}
2024-10-11 01:42:22 {
    "response": {
        "status": "0003",
        "balance": 0,
        "err_text": "Invalid action"
    }
}
2024-10-11 05:32:46 {
    "response": {
        "status": "0003",
        "balance": 0,
        "err_text": "Invalid action"
    }
}
2024-10-11 05:32:48 {
    "response": {
        "status": "0003",
        "balance": 0,
        "err_text": "Invalid action"
    }
}
2024-10-11 06:56:04 {
    "response": {
        "status": "0003",
        "balance": 0,
        "err_text": "Invalid action"
    }
}
2024-10-11 08:45:37 {
    "response": {
        "status": "0003",
        "balance": 0,
        "err_text": "Invalid action"
    }
}
2024-10-11 10:28:59 {
    "response": {
        "status": "0003",
        "balance": 0,
        "err_text": "Invalid action"
    }
}
2024-10-11 10:28:59 {
    "response": {
        "status": "0003",
        "balance": 0,
        "err_text": "Invalid action"
    }
}
2024-10-11 12:14:49 {
    "response": {
        "status": "0003",
        "balance": 0,
        "err_text": "Invalid action"
    }
}
2024-10-11 16:19:38 {
    "response": {
        "status": "0003",
        "balance": 0,
        "err_text": "Invalid action"
    }
}
2024-10-11 16:43:09 {
    "response": {
        "status": "0003",
        "balance": 0,
        "err_text": "Invalid action"
    }
}
2024-10-11 16:51:33 {
    "response": {
        "status": "0001",
        "balance": 0,
        "err_text": "User not found"
    }
}
2024-10-11 16:51:44 {
    "response": {
        "status": "0001",
        "balance": 0,
        "err_text": "User not found"
    }
}
2024-10-11 16:53:31 {
    "response": {
        "status": "0001",
        "balance": 0,
        "err_text": "User not found"
    }
}
2024-10-11 16:54:03 {
    "response": {
        "status": "0001",
        "balance": 0,
        "err_text": "User not found"
    }
}
2024-10-11 16:55:20 {
    "response": {
        "status": "0001",
        "balance": 0,
        "err_text": "User not found"
    }
}
2024-10-11 16:56:25 {
    "response": {
        "status": "0001",
        "balance": 0,
        "err_text": "User not found"
    }
}
2024-10-11 16:58:39 {
    "response": {
        "status": "0001",
        "balance": 0,
        "err_text": "User not found"
    }
}
